#
# There is insufficient memory for the Java Runtime Environment to continue.
# Native memory allocation (malloc) failed to allocate 32744 bytes for Chunk::new
# Possible reasons:
#   The system is out of physical RAM or swap space
#   The process is running with CompressedOops enabled, and the Java Heap may be blocking the growth of the native heap
# Possible solutions:
#   Reduce memory load on the system
#   Increase physical memory or swap space
#   Check if swap backing store is full
#   Decrease Java heap size (-Xmx/-Xms)
#   Decrease number of Java threads
#   Decrease Java thread stack sizes (-Xss)
#   Set larger code cache with -XX:ReservedCodeCacheSize=
#   JVM is running with Zero Based Compressed Oops mode in which the Java heap is
#     placed in the first 32GB address space. The Java Heap base address is the
#     maximum limit for the native heap growth. Please use -XX:HeapBaseMinAddress
#     to set the Java Heap base and to place the Java Heap above 32GB virtual address.
# This output file may be truncated or incomplete.
#
#  Out of Memory Error (arena.cpp:184), pid=77620, tid=72764
#
# JRE version: Java(TM) SE Runtime Environment (19.0+36) (build 19+36-2238)
# Java VM: Java HotSpot(TM) 64-Bit Server VM (19+36-2238, mixed mode, emulated-client, sharing, tiered, compressed oops, compressed class ptrs, g1 gc, windows-amd64)
# No core dump will be written. Minidumps are not enabled by default on client versions of Windows
#

---------------  S U M M A R Y ------------

Command Line: -Dcom.sun.management.jmxremote -Dcom.sun.management.jmxremote.port=49404 -Dcom.sun.management.jmxremote.authenticate=false -Dcom.sun.management.jmxremote.ssl=false -Djava.rmi.server.hostname=localhost -Dspring.jmx.enabled=true -Dmanagement.endpoints.jmx.exposure.include=* -Dspring.application.admin.enabled=true -XX:TieredStopAtLevel=1 -Dspring.boot.project.name=user-registration-service -Dfile.encoding=UTF-8 -XX:+ShowCodeDetailsInExceptionMessages com.bms.registration.UserRegistrationServiceApplication --spring.output.ansi.enabled=always

Host: 12th Gen Intel(R) Core(TM) i7-1255U, 12 cores, 15G,  Windows 11 , 64 bit Build 22621 (10.0.22621.2215)
Time: Fri Oct 27 11:42:30 2023 India Standard Time elapsed time: 0.631961 seconds (0d 0h 0m 0s)

---------------  T H R E A D  ---------------

Current thread (0x000001f77d308a30):  JavaThread "main" [_thread_in_vm, id=72764, stack(0x0000007f63400000,0x0000007f63500000)]

Stack: [0x0000007f63400000,0x0000007f63500000]
Native frames: (J=compiled Java code, j=interpreted, Vv=VM code, C=native code)
V  [jvm.dll+0x6ee8fa]
V  [jvm.dll+0x857a1e]
V  [jvm.dll+0x85940e]
V  [jvm.dll+0x859ac3]
V  [jvm.dll+0x28291f]
V  [jvm.dll+0xc9b5f]
V  [jvm.dll+0xc9ee5]
V  [jvm.dll+0x21d6a1]
V  [jvm.dll+0x21e475]
V  [jvm.dll+0x21edd1]
V  [jvm.dll+0x214571]
V  [jvm.dll+0x5aa2d6]
V  [jvm.dll+0x7cd793]
V  [jvm.dll+0x7cd874]
V  [jvm.dll+0x46b0b4]
V  [jvm.dll+0x4706bf]
C  [java.dll+0x17ec]

Java frames: (J=compiled Java code, j=interpreted, Vv=VM code)
j  java.lang.ClassLoader.defineClass1(Ljava/lang/ClassLoader;Ljava/lang/String;[BIILjava/security/ProtectionDomain;Ljava/lang/String;)Ljava/lang/Class;+0 java.base@19
j  java.lang.ClassLoader.defineClass(Ljava/lang/String;[BIILjava/security/ProtectionDomain;)Ljava/lang/Class;+27 java.base@19
j  java.security.SecureClassLoader.defineClass(Ljava/lang/String;[BIILjava/security/CodeSource;)Ljava/lang/Class;+12 java.base@19
j  jdk.internal.loader.BuiltinClassLoader.defineClass(Ljava/lang/String;Ljdk/internal/loader/Resource;)Ljava/lang/Class;+117 java.base@19
j  jdk.internal.loader.BuiltinClassLoader.findClassOnClassPathOrNull(Ljava/lang/String;)Ljava/lang/Class;+37 java.base@19
J 1219 c1 jdk.internal.loader.BuiltinClassLoader.loadClassOrNull(Ljava/lang/String;Z)Ljava/lang/Class; java.base@19 (143 bytes) @ 0x000001f7081ed0b4 [0x000001f7081ecce0+0x00000000000003d4]
J 1379 c1 jdk.internal.loader.ClassLoaders$AppClassLoader.loadClass(Ljava/lang/String;Z)Ljava/lang/Class; java.base@19 (40 bytes) @ 0x000001f7082340fc [0x000001f7082340c0+0x000000000000003c]
J 1355 c1 java.lang.ClassLoader.loadClass(Ljava/lang/String;)Ljava/lang/Class; java.base@19 (7 bytes) @ 0x000001f708227704 [0x000001f7082276c0+0x0000000000000044]
v  ~StubRoutines::call_stub 0x000001f707e9100e
J 1184  java.lang.Class.forName0(Ljava/lang/String;ZLjava/lang/ClassLoader;Ljava/lang/Class;)Ljava/lang/Class; java.base@19 (0 bytes) @ 0x000001f7081dda4f [0x000001f7081dd9c0+0x000000000000008f]
J 1189 c1 java.lang.Class.forName(Ljava/lang/String;ZLjava/lang/ClassLoader;Ljava/lang/Class;)Ljava/lang/Class; java.base@19 (41 bytes) @ 0x000001f7081deeb4 [0x000001f7081deea0+0x0000000000000014]
J 1188 c1 java.lang.Class.forName(Ljava/lang/String;ZLjava/lang/ClassLoader;)Ljava/lang/Class; java.base@19 (24 bytes) @ 0x000001f7081debbc [0x000001f7081deba0+0x000000000000001c]
j  org.springframework.util.ClassUtils.forName(Ljava/lang/String;Ljava/lang/ClassLoader;)Ljava/lang/Class;+176
j  org.springframework.boot.SpringApplication.createSpringFactoriesInstances(Ljava/lang/Class;[Ljava/lang/Class;Ljava/lang/ClassLoader;[Ljava/lang/Object;Ljava/util/Set;)Ljava/util/List;+50
j  org.springframework.boot.SpringApplication.getSpringFactoriesInstances(Ljava/lang/Class;[Ljava/lang/Class;[Ljava/lang/Object;)Ljava/util/Collection;+29
j  org.springframework.boot.SpringApplication.getSpringFactoriesInstances(Ljava/lang/Class;)Ljava/util/Collection;+10
j  org.springframework.boot.SpringApplication.<init>(Lorg/springframework/core/io/ResourceLoader;[Ljava/lang/Class;)V+115
j  org.springframework.boot.SpringApplication.<init>([Ljava/lang/Class;)V+3
j  org.springframework.boot.SpringApplication.run([Ljava/lang/Class;[Ljava/lang/String;)Lorg/springframework/context/ConfigurableApplicationContext;+5
j  org.springframework.boot.SpringApplication.run(Ljava/lang/Class;[Ljava/lang/String;)Lorg/springframework/context/ConfigurableApplicationContext;+9
j  com.bms.registration.UserRegistrationServiceApplication.main([Ljava/lang/String;)V+3
v  ~StubRoutines::call_stub 0x000001f707e9100e

Compiled method (c1)   15582 1219   !   1       jdk.internal.loader.BuiltinClassLoader::loadClassOrNull (143 bytes)
 total in heap  [0x000001f7081eca90,0x000001f7081ed9b0] = 3872
 relocation     [0x000001f7081ecbf0,0x000001f7081eccd0] = 224
 main code      [0x000001f7081ecce0,0x000001f7081ed2c0] = 1504
 stub code      [0x000001f7081ed2c0,0x000001f7081ed3a8] = 232
 metadata       [0x000001f7081ed3a8,0x000001f7081ed420] = 120
 scopes data    [0x000001f7081ed420,0x000001f7081ed618] = 504
 scopes pcs     [0x000001f7081ed618,0x000001f7081ed7a8] = 400
 dependencies   [0x000001f7081ed7a8,0x000001f7081ed7c0] = 24
 handler table  [0x000001f7081ed7c0,0x000001f7081ed970] = 432
 nul chk table  [0x000001f7081ed970,0x000001f7081ed9b0] = 64

[Constant Pool (empty)]

[MachCode]
[Entry Point]
  # {method} {0x0000000800082dc0} 'loadClassOrNull' '(Ljava/lang/String;Z)Ljava/lang/Class;' in 'jdk/internal/loader/BuiltinClassLoader'
  # this:     rdx:rdx   = 'jdk/internal/loader/BuiltinClassLoader'
  # parm0:    r8:r8     = 'java/lang/String'
  # parm1:    r9        = boolean
  #           [sp+0x100]  (sp of caller)
  0x000001f7081ecce0: 448b 5208 | 49bb 0000 | 0000 0800 | 0000 4d03 | d34c 3bd0 

  0x000001f7081eccf4: ;   {runtime_call ic_miss_stub}
  0x000001f7081eccf4: 0f85 864a | d0ff 660f | 1f44 0000 
[Verified Entry Point]
  0x000001f7081ecd00: 8984 2400 | 90ff ff55 | 4881 ecf0 | 0000 0048 | 8994 24a0 | 0000 004c | 8984 2498 | 0000 008b 
  0x000001f7081ecd20: 5a28 48c1 | e303 4883 | fb00 0f85 | 1000 0000 | 488b f244 | 898c 24a8 | 0000 00e9 | 9900 0000 
  0x000001f7081ecd40: 4489 8c24 | a800 0000 

  0x000001f7081ecd48: ;   {metadata('java/lang/Object')}
  0x000001f7081ecd48: 48ba 600e | 0000 0800 | 0000 498b | 87f8 0000 | 0048 8d78 | 1049 3bbf | 0801 0000 | 0f87 8b04 
  0x000001f7081ecd68: 0000 4989 | bff8 0000 | 0048 c700 | 0100 0000 | 488b ca49 | ba00 0000 | 0008 0000 | 0049 2bca 
  0x000001f7081ecd88: 8948 0848 | 33c9 8948 | 0c48 33c9 

  0x000001f7081ecd94: ; implicit exception: dispatches to 0x000001f7081ed202
  0x000001f7081ecd94: 483b 0349 | 8bf0 4c8b | c64c 8bc8 | bf01 0000 | 0048 8bd3 | 4889 8424 | 9000 0000 | 0f1f 8000 
  0x000001f7081ecdb4: ;   {optimized virtual_call}
  0x000001f7081ecdb4: 0000 00e8 

  0x000001f7081ecdb8: ; ImmutableOopMap {[144]=Oop [152]=Oop [160]=Oop }
                      ;*invokevirtual putVal {reexecute=0 rethrow=0 return_oop=0}
                      ; - java.util.concurrent.ConcurrentHashMap::putIfAbsent@4 (line 1541)
                      ; - java.lang.ClassLoader::getClassLoadingLock@23 (line 667)
                      ; - jdk.internal.loader.BuiltinClassLoader::loadClassOrNull@2 (line 651)
  0x000001f7081ecdb8: a4f1 dcff | 4883 f800 | 0f84 0800 | 0000 488b | f0e9 0b00 | 0000 488b | 8424 9000 | 0000 488b 
  0x000001f7081ecdd8: f048 8d94 | 24d0 0000 | 0048 8972 | 0848 8b06 | 4883 c801 | 4889 02f0 | 480f b116 | 0f84 1200 
  0x000001f7081ecdf8: 0000 482b | c448 2507 | f0ff ff48 | 8902 0f85 | 0004 0000 | 488b 9424 | 9800 0000 | 4889 b424 
  0x000001f7081ece18: b000 0000 

  0x000001f7081ece1c: ;   {static_call}
  0x000001f7081ece1c: 6666 90e8 

  0x000001f7081ece20: ; ImmutableOopMap {[152]=Oop [160]=Oop [176]=Oop [216]=Oop }
                      ;*invokestatic checkName {reexecute=0 rethrow=0 return_oop=0}
                      ; - java.lang.ClassLoader::findLoadedClass@1 (line 1284)
                      ; - jdk.internal.loader.BuiltinClassLoader::loadClassOrNull@10 (line 653)
  0x000001f7081ece20: bcc7 fdff | 83f8 000f | 850f 0000 

  0x000001f7081ece2c: ;   {oop(NULL)}
  0x000001f7081ece2c: 0048 be00 | 0000 0000 | 0000 00e9 | 1b00 0000 | 4c8b 8424 | 9800 0000 | 488b 9424 | a000 0000 
  0x000001f7081ece4c: ;   {optimized virtual_call}
  0x000001f7081ece4c: 6666 90e8 

  0x000001f7081ece50: ; ImmutableOopMap {[152]=Oop [160]=Oop [176]=Oop [216]=Oop }
                      ;*invokevirtual findLoadedClass0 {reexecute=0 rethrow=0 return_oop=0}
                      ; - java.lang.ClassLoader::findLoadedClass@11 (line 1286)
                      ; - jdk.internal.loader.BuiltinClassLoader::loadClassOrNull@10 (line 653)
  0x000001f7081ece50: 0ce1 ffff | 488b f048 | 83fe 000f | 8556 0200 | 0048 89b4 | 24b8 0000 | 004c 8b84 | 2498 0000 
  0x000001f7081ece70: 0041 8b48 | 1448 c1e1 | 0344 8b49 | 0c41 0fbe | 4810 c1e1 | 18c1 f918 | 41d3 f941 | ffc9 498b 
  0x000001f7081ece90: f841 b82e | 0000 0048 | 8bd7 0f1f 

  0x000001f7081ece9c: ;   {optimized virtual_call}
  0x000001f7081ece9c: 4400 00e8 

  0x000001f7081ecea0: ; ImmutableOopMap {[152]=Oop [160]=Oop [176]=Oop [184]=Oop [216]=Oop }
                      ;*invokevirtual lastIndexOf {reexecute=0 rethrow=0 return_oop=0}
                      ; - java.lang.String::lastIndexOf@8 (line 2457)
                      ; - jdk.internal.loader.BuiltinClassLoader::findLoadedModule@3 (line 709)
                      ; - jdk.internal.loader.BuiltinClassLoader::loadClassOrNull@22 (line 658)
  0x000001f7081ecea0: 3c7c ebff | 83f8 000f | 8d0f 0000 

  0x000001f7081eceac: ;   {oop(NULL)}
  0x000001f7081eceac: 0048 be00 | 0000 0000 | 0000 00e9 | 6900 0000 | 41b8 0000 | 0000 4c8b | c848 8b94 | 2498 0000 
  0x000001f7081ececc: ;   {optimized virtual_call}
  0x000001f7081ececc: 0066 90e8 

  0x000001f7081eced0: ; ImmutableOopMap {[152]=Oop [160]=Oop [176]=Oop [184]=Oop [216]=Oop }
                      ;*invokevirtual substring {reexecute=0 rethrow=0 return_oop=0}
                      ; - jdk.internal.loader.BuiltinClassLoader::findLoadedModule@16 (line 713)
                      ; - jdk.internal.loader.BuiltinClassLoader::loadClassOrNull@22 (line 658)
  0x000001f7081eced0: 2ca7 e7ff 

  0x000001f7081eced4: ;   {oop(a 'java/util/concurrent/ConcurrentHashMap'{0x00000007055988e0})}
  0x000001f7081eced4: 4c8b c048 | bae0 8859 | 0507 0000 | 0066 0f1f 

  0x000001f7081ecee4: ;   {optimized virtual_call}
  0x000001f7081ecee4: 4400 00e8 

  0x000001f7081ecee8: ; ImmutableOopMap {[152]=Oop [160]=Oop [176]=Oop [184]=Oop [216]=Oop }
                      ;*invokeinterface get {reexecute=0 rethrow=0 return_oop=0}
                      ; - jdk.internal.loader.BuiltinClassLoader::findLoadedModule@24 (line 714)
                      ; - jdk.internal.loader.BuiltinClassLoader::loadClassOrNull@22 (line 658)
  0x000001f7081ecee8: 54e9 ddff | 4883 f800 | 0f84 2900 

  0x000001f7081ecef4: ;   {metadata('jdk/internal/loader/BuiltinClassLoader$LoadedModule')}
  0x000001f7081ecef4: 0000 48be | 48d0 1900 | 0800 0000 | 448b 4808 | 49ba 0000 | 0000 0800 | 0000 4d03 | ca49 3bf1 
  0x000001f7081ecf14: 0f85 0f03 | 0000 e900 | 0000 004c | 8bc0 498b | f048 83fe | 0048 8b94 | 24a0 0000 | 000f 84a5 
  0x000001f7081ecf34: 0000 008b | 7e0c 48c1 | e703 483b | fa0f 8565 

  0x000001f7081ecf44: ;   {oop(a 'java/lang/Class'{0x00000007055c4888} = 'jdk/internal/misc/VM')}
  0x000001f7081ecf44: 0000 0049 | b888 485c | 0507 0000 | 0045 8b80 | 9400 0000 | 4183 f802 | 41b8 0000 | 0000 0f8c 
  0x000001f7081ecf64: 0600 0000 | 41b8 0100 | 0000 4183 | e001 4183 | f800 0f85 | 0d00 0000 | 488b b424 | b800 0000 
  0x000001f7081ecf84: e92e 0100 | 004c 8b84 | 2498 0000 | 004c 8bce | 488b f248 | 8bd6 0f1f 

  0x000001f7081ecf9c: ;   {optimized virtual_call}
  0x000001f7081ecf9c: 4400 00e8 

  0x000001f7081ecfa0: ; ImmutableOopMap {[160]=Oop [176]=Oop [216]=Oop }
                      ;*invokevirtual defineClass {reexecute=0 rethrow=0 return_oop=0}
                      ; - jdk.internal.loader.BuiltinClassLoader::findClassInModuleOrNull@9 (line 741)
                      ; - jdk.internal.loader.BuiltinClassLoader::loadClassOrNull@55 (line 665)
  0x000001f7081ecfa0: dc4a d0ff | 488b f0e9 | 0b01 0000 

  0x000001f7081ecfac: ; implicit exception: dispatches to 0x000001f7081ed237
  0x000001f7081ecfac: 483b 074c | 8b84 2498 | 0000 0041 | b900 0000 | 0048 8bd7 | 0f1f 4400 | 0048 b8ff | ffff ffff 
  0x000001f7081ecfcc: ;   {virtual_call}
  0x000001f7081ecfcc: ffff ffe8 

  0x000001f7081ecfd0: ; ImmutableOopMap {[160]=Oop [176]=Oop [216]=Oop }
                      ;*invokevirtual loadClassOrNull {reexecute=0 rethrow=0 return_oop=0}
                      ; - jdk.internal.loader.BuiltinClassLoader::loadClassOrNull@3 (line 700)
                      ; - jdk.internal.loader.BuiltinClassLoader::loadClassOrNull@66 (line 669)
  0x000001f7081ecfd0: cc1d d0ff | 488b f0e9 | db00 0000 | 8b72 5448 | c1e6 0348 | 83fe 000f | 850d 0000 | 0048 8bb4 
  0x000001f7081ecff0: 24b8 0000 | 00e9 2d00 | 0000 483b | 064c 8b84 | 2498 0000 | 0041 b900 | 0000 0048 | 8bd6 0f1f 
  0x000001f7081ed010: 8000 0000 | 0048 b830 | 4008 0008 

  0x000001f7081ed01c: ;   {virtual_call}
  0x000001f7081ed01c: 0000 00e8 

  0x000001f7081ed020: ; ImmutableOopMap {[152]=Oop [160]=Oop [176]=Oop [216]=Oop }
                      ;*invokevirtual loadClassOrNull {reexecute=0 rethrow=0 return_oop=0}
                      ; - jdk.internal.loader.BuiltinClassLoader::loadClassOrNull@3 (line 700)
                      ; - jdk.internal.loader.BuiltinClassLoader::loadClassOrNull@86 (line 676)
  0x000001f7081ed020: 3c18 d0ff | 488b f048 | 83fe 000f | 8586 0000 | 0048 8b94 | 24a0 0000 | 0044 8b42 | 5849 c1e0 
  0x000001f7081ed040: 0349 83f8 | 0041 b800 | 0000 000f | 8406 0000 | 0041 b801 | 0000 0041 | 83e0 0141 | 83f8 000f 
  0x000001f7081ed060: 8452 0000 

  0x000001f7081ed064: ;   {oop(a 'java/lang/Class'{0x00000007055c4888} = 'jdk/internal/misc/VM')}
  0x000001f7081ed064: 0049 b888 | 485c 0507 | 0000 0045 | 8b80 9400 | 0000 4183 | f802 41b8 | 0000 0000 | 0f8c 0600 
  0x000001f7081ed084: 0000 41b8 | 0100 0000 | 4183 e001 | 4183 f800 | 0f84 1d00 | 0000 4c8b | 8424 9800 | 0000 488b 
  0x000001f7081ed0a4: f248 8bd6 | 0f1f 8000 

  0x000001f7081ed0ac: ;   {optimized virtual_call}
  0x000001f7081ed0ac: 0000 00e8 

  0x000001f7081ed0b0: ; ImmutableOopMap {[160]=Oop [176]=Oop [216]=Oop }
                      ;*invokevirtual findClassOnClassPathOrNull {reexecute=0 rethrow=0 return_oop=0}
                      ; - jdk.internal.loader.BuiltinClassLoader::loadClassOrNull@111 (line 681)
  0x000001f7081ed0b0: a102 0000 | 488b f044 | 8b8c 24a8 | 0000 0041 | 83f9 000f | 8414 0000 | 0048 83fe | 000f 840a 
  0x000001f7081ed0d0: 0000 0048 | 83fe 000f | 843c 0000 | 0048 8d84 | 24d0 0000 | 0048 8b10 | 4885 d20f | 840f 0000 
  0x000001f7081ed0f0: 0048 8b78 | 08f0 480f | b117 0f85 | 4101 0000 | 488b c648 | 81c4 f000 

  0x000001f7081ed108: ;   {poll_return}
  0x000001f7081ed108: 0000 5d49 | 3ba7 7803 | 0000 0f87 | 3f01 0000 | c348 89b4 | 24c8 0000 

  0x000001f7081ed120: ;   {metadata('java/lang/NullPointerException')}
  0x000001f7081ed120: 0048 baa0 | 7f08 0008 | 0000 0049 | 8b87 f800 | 0000 488d | 7830 493b | bf08 0100 | 000f 872a 
  0x000001f7081ed140: 0100 0049 | 89bf f800 | 0000 48c7 | 0001 0000 | 0048 8bca | 49ba 0000 | 0000 0800 | 0000 492b 
  0x000001f7081ed160: ca89 4808 | 4833 c989 | 480c 4833 | c948 8948 | 1048 8948 | 1848 8948 | 2048 8948 | 2848 8bd0 
  0x000001f7081ed180: 4889 8424 | c000 0000 | 0f1f 8000 

  0x000001f7081ed18c: ;   {optimized virtual_call}
  0x000001f7081ed18c: 0000 00e8 

  0x000001f7081ed190: ; ImmutableOopMap {[176]=Oop [192]=Oop [200]=Oop [216]=Oop }
                      ;*invokespecial <init> {reexecute=0 rethrow=0 return_oop=0}
                      ; - java.lang.ClassLoader::resolveClass@8 (line 1224)
                      ; - jdk.internal.loader.BuiltinClassLoader::loadClassOrNull@128 (line 688)
  0x000001f7081ed190: ec48 d0ff | 488b 8424 

  0x000001f7081ed198: ; ImmutableOopMap {rax=Oop [176]=Oop [200]=Oop [216]=Oop }
                      ;*athrow {reexecute=1 rethrow=0 return_oop=0}
                      ; - (reexecute) java.lang.ClassLoader::resolveClass@11 (line 1224)
                      ; - jdk.internal.loader.BuiltinClassLoader::loadClassOrNull@128 (line 688)
  0x000001f7081ed198: c000 0000 

  0x000001f7081ed19c: ;   {section_word}
  0x000001f7081ed19c: 48ba 9cd1 | 1e08 f701 

  0x000001f7081ed1a4: ;   {runtime_call handle_exception_nofpu Runtime1 stub}
  0x000001f7081ed1a4: 0000 e855 | b7da ff90 | 498b 8720 | 0400 004d | 33d2 4d89 | 9720 0400 | 004d 33d2 | 4d89 9728 
  0x000001f7081ed1c4: 0400 0048 | 8bf0 488d | 8424 d000 | 0000 488b | 3848 85ff | 0f84 0f00 | 0000 488b | 5808 f048 
  0x000001f7081ed1e4: 0fb1 3b0f | 858d 0000 | 0048 8bc6 | e9b8 0000 | 0048 8bd2 

  0x000001f7081ed1f8: ;   {runtime_call fast_new_instance Runtime1 stub}
  0x000001f7081ed1f8: e803 a8da 

  0x000001f7081ed1fc: ; ImmutableOopMap {r8=Oop rbx=Oop [152]=Oop [160]=Oop }
                      ;*new {reexecute=0 rethrow=0 return_oop=0}
                      ; - java.lang.ClassLoader::getClassLoadingLock@9 (line 666)
                      ; - jdk.internal.loader.BuiltinClassLoader::loadClassOrNull@2 (line 651)
  0x000001f7081ed1fc: ffe9 92fb 

  0x000001f7081ed200: ;   {runtime_call throw_null_pointer_exception Runtime1 stub}
  0x000001f7081ed200: ffff e819 

  0x000001f7081ed204: ; ImmutableOopMap {r8=Oop rbx=Oop rax=Oop [152]=Oop [160]=Oop }
                      ;*invokevirtual putIfAbsent {reexecute=0 rethrow=0 return_oop=0}
                      ; - java.lang.ClassLoader::getClassLoadingLock@23 (line 667)
                      ; - jdk.internal.loader.BuiltinClassLoader::loadClassOrNull@2 (line 651)
                      ;   {runtime_call throw_null_pointer_exception Runtime1 stub}
  0x000001f7081ed204: 9fda ffe8 

  0x000001f7081ed208: ; ImmutableOopMap {rsi=Oop [152]=Oop [160]=Oop }
                      ;*monitorenter {reexecute=0 rethrow=0 return_oop=0}
                      ; - jdk.internal.loader.BuiltinClassLoader::loadClassOrNull@7 (line 651)
  0x000001f7081ed208: 149f daff | 4889 7424 | 0848 8914 

  0x000001f7081ed214: ;   {runtime_call monitorenter_nofpu Runtime1 stub}
  0x000001f7081ed214: 24e8 e6d7 

  0x000001f7081ed218: ; ImmutableOopMap {rsi=Oop [152]=Oop [160]=Oop [216]=Oop }
                      ;*monitorenter {reexecute=0 rethrow=0 return_oop=0}
                      ; - jdk.internal.loader.BuiltinClassLoader::loadClassOrNull@7 (line 651)
  0x000001f7081ed218: daff e9ed 

  0x000001f7081ed21c: ;   {runtime_call throw_null_pointer_exception Runtime1 stub}
  0x000001f7081ed21c: fbff ffe8 

  0x000001f7081ed220: ; ImmutableOopMap {r8=Oop [152]=Oop [160]=Oop [176]=Oop [184]=Oop [216]=Oop }
                      ;*invokevirtual lastIndexOf {reexecute=0 rethrow=0 return_oop=0}
                      ; - jdk.internal.loader.BuiltinClassLoader::findLoadedModule@3 (line 709)
                      ; - jdk.internal.loader.BuiltinClassLoader::loadClassOrNull@22 (line 658)
  0x000001f7081ed220: fc9e daff 

  0x000001f7081ed224: ;   {runtime_call throw_null_pointer_exception Runtime1 stub}
  0x000001f7081ed224: e8f7 9eda 

  0x000001f7081ed228: ; ImmutableOopMap {r8=Oop [152]=Oop [160]=Oop [176]=Oop [184]=Oop [216]=Oop }
                      ;*arraylength {reexecute=0 rethrow=0 return_oop=0}
                      ; - java.lang.String::length@4 (line 1491)
                      ; - java.lang.String::lastIndexOf@3 (line 2457)
                      ; - jdk.internal.loader.BuiltinClassLoader::findLoadedModule@3 (line 709)
                      ; - jdk.internal.loader.BuiltinClassLoader::loadClassOrNull@22 (line 658)
  0x000001f7081ed228: ff48 8904 

  0x000001f7081ed22c: ;   {runtime_call throw_class_cast_exception Runtime1 stub}
  0x000001f7081ed22c: 24e8 eecb 

  0x000001f7081ed230: ; ImmutableOopMap {[152]=Oop [160]=Oop [176]=Oop [184]=Oop [216]=Oop }
                      ;*checkcast {reexecute=0 rethrow=0 return_oop=0}
                      ; - jdk.internal.loader.BuiltinClassLoader::findLoadedModule@29 (line 714)
                      ; - jdk.internal.loader.BuiltinClassLoader::loadClassOrNull@22 (line 658)
                      ;   {runtime_call throw_null_pointer_exception Runtime1 stub}
  0x000001f7081ed230: daff e8e9 

  0x000001f7081ed234: ; ImmutableOopMap {rsi=Oop rdx=Oop [152]=Oop [160]=Oop [176]=Oop [184]=Oop [216]=Oop }
                      ;*invokevirtual loader {reexecute=0 rethrow=0 return_oop=0}
                      ; - jdk.internal.loader.BuiltinClassLoader::loadClassOrNull@34 (line 662)
                      ;   {runtime_call throw_null_pointer_exception Runtime1 stub}
  0x000001f7081ed234: 9eda ffe8 

  0x000001f7081ed238: ; ImmutableOopMap {rdi=Oop [152]=Oop [160]=Oop [176]=Oop [216]=Oop }
                      ;*invokevirtual loadClassOrNull {reexecute=0 rethrow=0 return_oop=0}
                      ; - jdk.internal.loader.BuiltinClassLoader::loadClassOrNull@66 (line 669)
  0x000001f7081ed238: e49e daff 

  0x000001f7081ed23c: ;   {runtime_call throw_null_pointer_exception Runtime1 stub}
  0x000001f7081ed23c: e8df 9eda 

  0x000001f7081ed240: ; ImmutableOopMap {rsi=Oop [152]=Oop [160]=Oop [176]=Oop [216]=Oop }
                      ;*invokevirtual loadClassOrNull {reexecute=0 rethrow=0 return_oop=0}
                      ; - jdk.internal.loader.BuiltinClassLoader::loadClassOrNull@86 (line 676)
  0x000001f7081ed240: ff48 8d84 | 24d0 0000 | 0048 8904 

  0x000001f7081ed24c: ;   {runtime_call monitorexit_nofpu Runtime1 stub}
  0x000001f7081ed24c: 24e8 aedd | daff e9a9 

  0x000001f7081ed254: ;   {internal_word}
  0x000001f7081ed254: feff ff49 | ba0b d11e | 08f7 0100 | 004d 8997 | 9003 0000 

  0x000001f7081ed268: ;   {runtime_call SafepointBlob}
  0x000001f7081ed268: e993 abd0 | ff48 8bd2 

  0x000001f7081ed270: ;   {runtime_call fast_new_instance Runtime1 stub}
  0x000001f7081ed270: e88b a7da 

  0x000001f7081ed274: ; ImmutableOopMap {[176]=Oop [200]=Oop [216]=Oop }
                      ;*new {reexecute=0 rethrow=0 return_oop=0}
                      ; - java.lang.ClassLoader::resolveClass@4 (line 1224)
                      ; - jdk.internal.loader.BuiltinClassLoader::loadClassOrNull@128 (line 688)
  0x000001f7081ed274: ffe9 03ff | ffff 488d | 8424 d000 | 0000 4889 

  0x000001f7081ed284: ;   {runtime_call monitorexit_nofpu Runtime1 stub}
  0x000001f7081ed284: 0424 e875 | ddda ffe9 | 5dff ffff | 498b 8720 | 0400 0049 | c787 2004 | 0000 0000 | 0000 49c7 
  0x000001f7081ed2a4: 8728 0400 | 0000 0000 | 0048 81c4 | f000 0000 

  0x000001f7081ed2b4: ;   {runtime_call unwind_exception Runtime1 stub}
  0x000001f7081ed2b4: 5de9 468f | daff f4f4 | f4f4 f4f4 
[Stub Code]
  0x000001f7081ed2c0: ;   {no_reloc}
  0x000001f7081ed2c0: 0f1f 4400 

  0x000001f7081ed2c4: ;   {static_stub}
  0x000001f7081ed2c4: 0048 bb00 | 0000 0000 

  0x000001f7081ed2cc: ;   {runtime_call}
  0x000001f7081ed2cc: 0000 00e9 | fbff ffff 

  0x000001f7081ed2d4: ;   {static_stub}
  0x000001f7081ed2d4: 9048 bb00 | 0000 0000 

  0x000001f7081ed2dc: ;   {runtime_call}
  0x000001f7081ed2dc: 0000 00e9 | fbff ffff 

  0x000001f7081ed2e4: ;   {static_stub}
  0x000001f7081ed2e4: 9048 bb00 | 0000 0000 

  0x000001f7081ed2ec: ;   {runtime_call}
  0x000001f7081ed2ec: 0000 00e9 | fbff ffff 

  0x000001f7081ed2f4: ;   {static_stub}
  0x000001f7081ed2f4: 9048 bb00 | 0000 0000 

  0x000001f7081ed2fc: ;   {runtime_call}
  0x000001f7081ed2fc: 0000 00e9 | fbff ffff 

  0x000001f7081ed304: ;   {static_stub}
  0x000001f7081ed304: 9048 bb00 | 0000 0000 

  0x000001f7081ed30c: ;   {runtime_call}
  0x000001f7081ed30c: 0000 00e9 | fbff ffff 

  0x000001f7081ed314: ;   {static_stub}
  0x000001f7081ed314: 9048 bb00 | 0000 0000 

  0x000001f7081ed31c: ;   {runtime_call}
  0x000001f7081ed31c: 0000 00e9 | fbff ffff 

  0x000001f7081ed324: ;   {static_stub}
  0x000001f7081ed324: 9048 bb00 | 0000 0000 

  0x000001f7081ed32c: ;   {runtime_call}
  0x000001f7081ed32c: 0000 00e9 | fbff ffff 

  0x000001f7081ed334: ;   {static_stub}
  0x000001f7081ed334: 9048 bb00 | 0000 0000 

  0x000001f7081ed33c: ;   {runtime_call}
  0x000001f7081ed33c: 0000 00e9 | fbff ffff 

  0x000001f7081ed344: ;   {static_stub}
  0x000001f7081ed344: 9048 bb00 | 0000 0000 

  0x000001f7081ed34c: ;   {runtime_call}
  0x000001f7081ed34c: 0000 00e9 | fbff ffff 

  0x000001f7081ed354: ;   {static_stub}
  0x000001f7081ed354: 9048 bb48 | 3508 0008 

  0x000001f7081ed35c: ;   {runtime_call I2C/C2I adapters}
  0x000001f7081ed35c: 0000 00e9 | f996 d0ff 

  0x000001f7081ed364: ;   {static_stub}
  0x000001f7081ed364: 9048 bb00 | 0000 0000 

  0x000001f7081ed36c: ;   {runtime_call}
  0x000001f7081ed36c: 0000 00e9 | fbff ffff 
[Exception Handler]
  0x000001f7081ed374: ;   {runtime_call handle_exception_from_callee Runtime1 stub}
  0x000001f7081ed374: e887 beda 

  0x000001f7081ed378: ;   {external_word}
  0x000001f7081ed378: ff48 b938 | 4919 a4fe | 7f00 0048 

  0x000001f7081ed384: ;   {runtime_call}
  0x000001f7081ed384: 83e4 f049 | ba00 fee4 | a3fe 7f00 | 0041 ffd2 

  0x000001f7081ed394: ;   {section_word}
  0x000001f7081ed394: f449 ba95 | d31e 08f7 | 0100 0041 

  0x000001f7081ed3a0: ;   {runtime_call DeoptimizationBlob}
  0x000001f7081ed3a0: 52e9 fa9c | d0ff f4f4 
[/MachCode]


Compiled method (c1)   15599 1379       1       jdk.internal.loader.ClassLoaders$AppClassLoader::loadClass (40 bytes)
 total in heap  [0x000001f708233f10,0x000001f708234300] = 1008
 relocation     [0x000001f708234070,0x000001f7082340b0] = 64
 main code      [0x000001f7082340c0,0x000001f7082341e0] = 288
 stub code      [0x000001f7082341e0,0x000001f708234238] = 88
 metadata       [0x000001f708234238,0x000001f708234260] = 40
 scopes data    [0x000001f708234260,0x000001f7082342a8] = 72
 scopes pcs     [0x000001f7082342a8,0x000001f7082342f8] = 80
 dependencies   [0x000001f7082342f8,0x000001f708234300] = 8

[Constant Pool (empty)]

[MachCode]
[Entry Point]
  # {method} {0x0000000800083af8} 'loadClass' '(Ljava/lang/String;Z)Ljava/lang/Class;' in 'jdk/internal/loader/ClassLoaders$AppClassLoader'
  # this:     rdx:rdx   = 'jdk/internal/loader/ClassLoaders$AppClassLoader'
  # parm0:    r8:r8     = 'java/lang/String'
  # parm1:    r9        = boolean
  #           [sp+0x80]  (sp of caller)
  0x000001f7082340c0: 448b 5208 | 49bb 0000 | 0000 0800 | 0000 4d03 | d34c 3bd0 

  0x000001f7082340d4: ;   {runtime_call ic_miss_stub}
  0x000001f7082340d4: 0f85 a6d6 | cbff 660f | 1f44 0000 
[Verified Entry Point]
  0x000001f7082340e0: 8984 2400 | 90ff ff55 | 4883 ec70 | 498b f04c | 8bc6 4889 

  0x000001f7082340f4: ;   {optimized virtual_call}
  0x000001f7082340f4: 7424 50e8 

  0x000001f7082340f8: ; ImmutableOopMap {[80]=Oop }
                      ;*invokevirtual loadClassOrNull {reexecute=0 rethrow=0 return_oop=0}
                      ; - jdk.internal.loader.BuiltinClassLoader::loadClass@3 (line 639)
                      ; - jdk.internal.loader.ClassLoaders$AppClassLoader::loadClass@36 (line 188)
  0x000001f7082340f8: 048c fbff | 4883 f800 | 0f84 1300 | 0000 4883 

  0x000001f708234108: ;   {poll_return}
  0x000001f708234108: c470 5d49 | 3ba7 7803 | 0000 0f87 | 7600 0000 | c34c 8b44 

  0x000001f70823411c: ;   {metadata('java/lang/ClassNotFoundException')}
  0x000001f70823411c: 2450 48ba | a85a 0800 | 0800 0000 | 498b 87f8 | 0000 0048 | 8d78 2849 | 3bbf 0801 | 0000 0f87 
  0x000001f70823413c: 6400 0000 | 4989 bff8 | 0000 0048 | c700 0100 | 0000 488b | ca49 ba00 | 0000 0008 | 0000 0049 
  0x000001f70823415c: 2bca 8948 | 0848 33c9 | 8948 0c48 | 33c9 4889 | 4810 4889 | 4818 4889 | 4820 488b | d048 8944 
  0x000001f70823417c: ;   {optimized virtual_call}
  0x000001f70823417c: 2458 90e8 

  0x000001f708234180: ; ImmutableOopMap {[88]=Oop }
                      ;*invokespecial <init> {reexecute=0 rethrow=0 return_oop=0}
                      ; - jdk.internal.loader.BuiltinClassLoader::loadClass@16 (line 641)
                      ; - jdk.internal.loader.ClassLoaders$AppClassLoader::loadClass@36 (line 188)
  0x000001f708234180: 7100 0000 | 488b 4424 | 58e9 3d00 

  0x000001f70823418c: ;   {internal_word}
  0x000001f70823418c: 0000 49ba | 0b41 2308 | f701 0000 | 4d89 9790 

  0x000001f70823419c: ;   {runtime_call SafepointBlob}
  0x000001f70823419c: 0300 00e9 | 5c3c ccff 

  0x000001f7082341a4: ;   {runtime_call fast_new_instance Runtime1 stub}
  0x000001f7082341a4: 488b d2e8 

  0x000001f7082341a8: ; ImmutableOopMap {r8=Oop }
                      ;*new {reexecute=0 rethrow=0 return_oop=0}
                      ; - jdk.internal.loader.BuiltinClassLoader::loadClass@11 (line 641)
                      ; - jdk.internal.loader.ClassLoaders$AppClassLoader::loadClass@36 (line 188)
  0x000001f7082341a8: 5438 d6ff | ebc8 498b | 8720 0400 | 0049 c787 | 2004 0000 | 0000 0000 | 49c7 8728 | 0400 0000 
  0x000001f7082341c8: 0000 0048 | 83c4 705d 

  0x000001f7082341d0: ;   {runtime_call unwind_exception Runtime1 stub}
  0x000001f7082341d0: e92b 20d6 | fff4 f4f4 | f4f4 f4f4 | f4f4 f4f4 
[Stub Code]
  0x000001f7082341e0: ;   {no_reloc}
  0x000001f7082341e0: 0f1f 4400 

  0x000001f7082341e4: ;   {static_stub}
  0x000001f7082341e4: 0048 bb00 | 0000 0000 

  0x000001f7082341ec: ;   {runtime_call}
  0x000001f7082341ec: 0000 00e9 | fbff ffff 

  0x000001f7082341f4: ;   {static_stub}
  0x000001f7082341f4: 9048 bba0 | 6408 0008 

  0x000001f7082341fc: ;   {runtime_call I2C/C2I adapters}
  0x000001f7082341fc: 0000 00e9 | 5928 ccff 
[Exception Handler]
  0x000001f708234204: ;   {runtime_call handle_exception_from_callee Runtime1 stub}
  0x000001f708234204: e8f7 4fd6 

  0x000001f708234208: ;   {external_word}
  0x000001f708234208: ff48 b938 | 4919 a4fe | 7f00 0048 

  0x000001f708234214: ;   {runtime_call}
  0x000001f708234214: 83e4 f049 | ba00 fee4 | a3fe 7f00 | 0041 ffd2 

  0x000001f708234224: ;   {section_word}
  0x000001f708234224: f449 ba25 | 4223 08f7 | 0100 0041 

  0x000001f708234230: ;   {runtime_call DeoptimizationBlob}
  0x000001f708234230: 52e9 6a2e | ccff f4f4 
[/MachCode]


Compiled method (c1)   15602 1355       1       java.lang.ClassLoader::loadClass (7 bytes)
 total in heap  [0x000001f708227510,0x000001f7082277f8] = 744
 relocation     [0x000001f708227670,0x000001f7082276a8] = 56
 main code      [0x000001f7082276c0,0x000001f708227760] = 160
 stub code      [0x000001f708227760,0x000001f7082277a8] = 72
 metadata       [0x000001f7082277a8,0x000001f7082277b0] = 8
 scopes data    [0x000001f7082277b0,0x000001f7082277c0] = 16
 scopes pcs     [0x000001f7082277c0,0x000001f7082277f0] = 48
 dependencies   [0x000001f7082277f0,0x000001f7082277f8] = 8

[Constant Pool (empty)]

[MachCode]
[Entry Point]
  # {method} {0x000000080000e820} 'loadClass' '(Ljava/lang/String;)Ljava/lang/Class;' in 'java/lang/ClassLoader'
  # this:     rdx:rdx   = 'java/lang/ClassLoader'
  # parm0:    r8:r8     = 'java/lang/String'
  #           [sp+0x40]  (sp of caller)
  0x000001f7082276c0: 448b 5208 | 49bb 0000 | 0000 0800 | 0000 4d03 | d34c 3bd0 

  0x000001f7082276d4: ;   {runtime_call ic_miss_stub}
  0x000001f7082276d4: 0f85 a6a0 | ccff 660f | 1f44 0000 
[Verified Entry Point]
  0x000001f7082276e0: 8984 2400 | 90ff ff55 | 4883 ec30 | 41b9 0000 | 0000 6666 | 9048 b8ff | ffff ffff 

  0x000001f7082276fc: ;   {virtual_call}
  0x000001f7082276fc: ffff ffe8 

  0x000001f708227700: ; ImmutableOopMap {}
                      ;*invokevirtual loadClass {reexecute=0 rethrow=0 return_oop=0}
                      ; - java.lang.ClassLoader::loadClass@3 (line 521)
  0x000001f708227700: 9c78 ccff | 4883 c430 

  0x000001f708227708: ;   {poll_return}
  0x000001f708227708: 5d49 3ba7 | 7803 0000 | 0f87 0100 

  0x000001f708227714: ;   {internal_word}
  0x000001f708227714: 0000 c349 | ba09 7722 | 08f7 0100 | 004d 8997 | 9003 0000 

  0x000001f708227728: ;   {runtime_call SafepointBlob}
  0x000001f708227728: e9d3 06cd | ff49 8b87 | 2004 0000 | 49c7 8720 | 0400 0000 | 0000 0049 | c787 2804 | 0000 0000 
  0x000001f708227748: 0000 4883 

  0x000001f70822774c: ;   {runtime_call unwind_exception Runtime1 stub}
  0x000001f70822774c: c430 5de9 | acea d6ff | f4f4 f4f4 | f4f4 f4f4 | f4f4 f4f4 
[Stub Code]
  0x000001f708227760: ;   {no_reloc}
  0x000001f708227760: 0f1f 4400 

  0x000001f708227764: ;   {static_stub}
  0x000001f708227764: 0048 bb00 | 0000 0000 

  0x000001f70822776c: ;   {runtime_call}
  0x000001f70822776c: 0000 00e9 | fbff ffff 
[Exception Handler]
  0x000001f708227774: ;   {runtime_call handle_exception_from_callee Runtime1 stub}
  0x000001f708227774: e887 1ad7 

  0x000001f708227778: ;   {external_word}
  0x000001f708227778: ff48 b938 | 4919 a4fe | 7f00 0048 

  0x000001f708227784: ;   {runtime_call}
  0x000001f708227784: 83e4 f049 | ba00 fee4 | a3fe 7f00 | 0041 ffd2 

  0x000001f708227794: ;   {section_word}
  0x000001f708227794: f449 ba95 | 7722 08f7 | 0100 0041 

  0x000001f7082277a0: ;   {runtime_call DeoptimizationBlob}
  0x000001f7082277a0: 52e9 faf8 | ccff f4f4 
[/MachCode]


---------------  P R O C E S S  ---------------

Threads class SMR info:
_java_thread_list=0x000001f71980f4e0, length=15, elements={
0x000001f77d308a30, 0x000001f71900cfc0, 0x000001f71900fb00, 0x000001f7190169c0,
0x000001f7190174f0, 0x000001f71901fe50, 0x000001f719048bb0, 0x000001f71904c9e0,
0x000001f719051370, 0x000001f71912c150, 0x000001f77f0d8930, 0x000001f71912c6a0,
0x000001f71912bc00, 0x000001f71912b6b0, 0x000001f71912d690
}

Java Threads: ( => current thread )
=>0x000001f77d308a30 JavaThread "main" [_thread_in_vm, id=72764, stack(0x0000007f63400000,0x0000007f63500000)]
  0x000001f71900cfc0 JavaThread "Reference Handler" daemon [_thread_blocked, id=26972, stack(0x0000007f63c00000,0x0000007f63d00000)]
  0x000001f71900fb00 JavaThread "Finalizer" daemon [_thread_blocked, id=20536, stack(0x0000007f63d00000,0x0000007f63e00000)]
  0x000001f7190169c0 JavaThread "Signal Dispatcher" daemon [_thread_blocked, id=70992, stack(0x0000007f63e00000,0x0000007f63f00000)]
  0x000001f7190174f0 JavaThread "Attach Listener" daemon [_thread_blocked, id=73436, stack(0x0000007f63f00000,0x0000007f64000000)]
  0x000001f71901fe50 JavaThread "Service Thread" daemon [_thread_blocked, id=56324, stack(0x0000007f64000000,0x0000007f64100000)]
  0x000001f719048bb0 JavaThread "Monitor Deflation Thread" daemon [_thread_blocked, id=66368, stack(0x0000007f64100000,0x0000007f64200000)]
  0x000001f71904c9e0 JavaThread "C1 CompilerThread0" daemon [_thread_blocked, id=47428, stack(0x0000007f64200000,0x0000007f64300000)]
  0x000001f719051370 JavaThread "Sweeper thread" daemon [_thread_blocked, id=74008, stack(0x0000007f64300000,0x0000007f64400000)]
  0x000001f71912c150 JavaThread "Common-Cleaner" daemon [_thread_blocked, id=40232, stack(0x0000007f64400000,0x0000007f64500000)]
  0x000001f77f0d8930 JavaThread "C1 CompilerThread1" daemon [_thread_blocked, id=65212, stack(0x0000007f64500000,0x0000007f64600000)]
  0x000001f71912c6a0 JavaThread "Notification Thread" daemon [_thread_blocked, id=39616, stack(0x0000007f64600000,0x0000007f64700000)]
  0x000001f71912bc00 JavaThread "RMI TCP Accept-0" daemon [_thread_in_native, id=68112, stack(0x0000007f64700000,0x0000007f64800000)]
  0x000001f71912b6b0 JavaThread "RMI TCP Accept-49404" daemon [_thread_in_native, id=75408, stack(0x0000007f64800000,0x0000007f64900000)]
  0x000001f71912d690 JavaThread "RMI TCP Accept-0" daemon [_thread_in_native, id=54676, stack(0x0000007f64900000,0x0000007f64a00000)]

Other Threads:
  0x000001f77f0eba60 VMThread "VM Thread" [stack: 0x0000007f63b00000,0x0000007f63c00000] [id=24400] _threads_hazard_ptr=0x000001f71980f4e0
  0x000001f77d309570 WatcherThread "VM Periodic Task Thread" [stack: 0x0000007f64a00000,0x0000007f64b00000] [id=74904]
  0x000001f77d377700 WorkerThread "GC Thread#0" [stack: 0x0000007f63600000,0x0000007f63700000] [id=72716]
  0x000001f7198082d0 WorkerThread "GC Thread#1" [stack: 0x0000007f64b00000,0x0000007f64c00000] [id=70332]
  0x000001f71989b830 WorkerThread "GC Thread#2" [stack: 0x0000007f64c00000,0x0000007f64d00000] [id=60964]
  0x000001f71987a730 WorkerThread "GC Thread#3" [stack: 0x0000007f64d00000,0x0000007f64e00000] [id=60208]
  0x000001f71990b7e0 WorkerThread "GC Thread#4" [stack: 0x0000007f64e00000,0x0000007f64f00000] [id=73476]
  0x000001f71990b510 WorkerThread "GC Thread#5" [stack: 0x0000007f64f00000,0x0000007f65000000] [id=40660]
  0x000001f71990af70 WorkerThread "GC Thread#6" [stack: 0x0000007f65000000,0x0000007f65100000] [id=19536]
  0x000001f71990aca0 WorkerThread "GC Thread#7" [stack: 0x0000007f65100000,0x0000007f65200000] [id=22804]
  0x000001f77eefbcc0 ConcurrentGCThread "G1 Main Marker" [stack: 0x0000007f63700000,0x0000007f63800000] [id=75032]
  0x000001f77d37c900 WorkerThread "G1 Conc#0" [stack: 0x0000007f63800000,0x0000007f63900000] [id=77132]
  0x000001f77ef9e190 ConcurrentGCThread "G1 Refine#0" [stack: 0x0000007f63900000,0x0000007f63a00000] [id=67532]
  0x000001f77ef9eb70 ConcurrentGCThread "G1 Service" [stack: 0x0000007f63a00000,0x0000007f63b00000] [id=9380]

Threads with active compile tasks:

VM state: synchronizing (normal execution)

VM Mutex/Monitor currently owned by a thread:  ([mutex/lock_event])
[0x000001f77d307250] Threads_lock - owner thread: 0x000001f77f0eba60

Heap address: 0x0000000705200000, size: 4014 MB, Compressed Oops mode: Zero based, Oop shift amount: 3

CDS archive(s) mapped at: [0x0000000800000000-0x0000000800c40000-0x0000000800c40000), size 12845056, SharedBaseAddress: 0x0000000800000000, ArchiveRelocationMode: 0.
Compressed class space mapped at: 0x0000000801000000-0x0000000841000000, reserved size: 1073741824
Narrow klass base: 0x0000000800000000, Narrow klass shift: 0, Narrow klass range: 0x100000000

GC Precious Log:
 CardTable entry size: 512
 Card Set container configuration: InlinePtr #cards 4 size 8 Array Of Cards #cards 8 size 32 Howl #buckets 8 coarsen threshold 3686 Howl Bitmap #cards 512 size 80 coarsen threshold 460 Card regions per heap region 1 cards per card region 4096
 CPUs: 12 total, 12 available
 Memory: 16052M
 Large Page Support: Disabled
 NUMA Support: Disabled
 Compressed Oops: Enabled (Zero based)
 Heap Region Size: 2M
 Heap Min Capacity: 8M
 Heap Initial Capacity: 252M
 Heap Max Capacity: 4014M
 Pre-touch: Disabled
 Parallel Workers: 10
 Concurrent Workers: 3
 Concurrent Refinement Workers: 10
 Periodic GC: Disabled

Heap:
 garbage-first heap   total 258048K, used 12150K [0x0000000705200000, 0x0000000800000000)
  region size 2048K, 5 young (10240K), 2 survivors (4096K)
 Metaspace       used 6571K, committed 6784K, reserved 1114112K
  class space    used 760K, committed 896K, reserved 1048576K

Heap Regions: E=young(eden), S=young(survivor), O=old, HS=humongous(starts), HC=humongous(continues), CS=collection set, F=free, OA=open archive, CA=closed archive, TAMS=top-at-mark-start (previous, next)
|   0|0x0000000705200000, 0x0000000705400000, 0x0000000705400000|100%| O|  |TAMS 0x0000000705200000, 0x0000000705200000| Untracked 
|   1|0x0000000705400000, 0x00000007055dda00, 0x0000000705600000| 93%| O|  |TAMS 0x0000000705400000, 0x0000000705400000| Untracked 
|   2|0x0000000705600000, 0x0000000705600000, 0x0000000705800000|  0%| F|  |TAMS 0x0000000705600000, 0x0000000705600000| Untracked 
|   3|0x0000000705800000, 0x0000000705800000, 0x0000000705a00000|  0%| F|  |TAMS 0x0000000705800000, 0x0000000705800000| Untracked 
|   4|0x0000000705a00000, 0x0000000705a00000, 0x0000000705c00000|  0%| F|  |TAMS 0x0000000705a00000, 0x0000000705a00000| Untracked 
|   5|0x0000000705c00000, 0x0000000705c00000, 0x0000000705e00000|  0%| F|  |TAMS 0x0000000705c00000, 0x0000000705c00000| Untracked 
|   6|0x0000000705e00000, 0x0000000705e00000, 0x0000000706000000|  0%| F|  |TAMS 0x0000000705e00000, 0x0000000705e00000| Untracked 
|   7|0x0000000706000000, 0x0000000706000000, 0x0000000706200000|  0%| F|  |TAMS 0x0000000706000000, 0x0000000706000000| Untracked 
|   8|0x0000000706200000, 0x0000000706200000, 0x0000000706400000|  0%| F|  |TAMS 0x0000000706200000, 0x0000000706200000| Untracked 
|   9|0x0000000706400000, 0x0000000706400000, 0x0000000706600000|  0%| F|  |TAMS 0x0000000706400000, 0x0000000706400000| Untracked 
|  10|0x0000000706600000, 0x0000000706600000, 0x0000000706800000|  0%| F|  |TAMS 0x0000000706600000, 0x0000000706600000| Untracked 
|  11|0x0000000706800000, 0x0000000706800000, 0x0000000706a00000|  0%| F|  |TAMS 0x0000000706800000, 0x0000000706800000| Untracked 
|  12|0x0000000706a00000, 0x0000000706a00000, 0x0000000706c00000|  0%| F|  |TAMS 0x0000000706a00000, 0x0000000706a00000| Untracked 
|  13|0x0000000706c00000, 0x0000000706c00000, 0x0000000706e00000|  0%| F|  |TAMS 0x0000000706c00000, 0x0000000706c00000| Untracked 
|  14|0x0000000706e00000, 0x0000000706e00000, 0x0000000707000000|  0%| F|  |TAMS 0x0000000706e00000, 0x0000000706e00000| Untracked 
|  15|0x0000000707000000, 0x0000000707000000, 0x0000000707200000|  0%| F|  |TAMS 0x0000000707000000, 0x0000000707000000| Untracked 
|  16|0x0000000707200000, 0x0000000707200000, 0x0000000707400000|  0%| F|  |TAMS 0x0000000707200000, 0x0000000707200000| Untracked 
|  17|0x0000000707400000, 0x0000000707400000, 0x0000000707600000|  0%| F|  |TAMS 0x0000000707400000, 0x0000000707400000| Untracked 
|  18|0x0000000707600000, 0x0000000707600000, 0x0000000707800000|  0%| F|  |TAMS 0x0000000707600000, 0x0000000707600000| Untracked 
|  19|0x0000000707800000, 0x0000000707800000, 0x0000000707a00000|  0%| F|  |TAMS 0x0000000707800000, 0x0000000707800000| Untracked 
|  20|0x0000000707a00000, 0x0000000707a00000, 0x0000000707c00000|  0%| F|  |TAMS 0x0000000707a00000, 0x0000000707a00000| Untracked 
|  21|0x0000000707c00000, 0x0000000707c00000, 0x0000000707e00000|  0%| F|  |TAMS 0x0000000707c00000, 0x0000000707c00000| Untracked 
|  22|0x0000000707e00000, 0x0000000707e00000, 0x0000000708000000|  0%| F|  |TAMS 0x0000000707e00000, 0x0000000707e00000| Untracked 
|  23|0x0000000708000000, 0x0000000708000000, 0x0000000708200000|  0%| F|  |TAMS 0x0000000708000000, 0x0000000708000000| Untracked 
|  24|0x0000000708200000, 0x0000000708200000, 0x0000000708400000|  0%| F|  |TAMS 0x0000000708200000, 0x0000000708200000| Untracked 
|  25|0x0000000708400000, 0x0000000708400000, 0x0000000708600000|  0%| F|  |TAMS 0x0000000708400000, 0x0000000708400000| Untracked 
|  26|0x0000000708600000, 0x0000000708600000, 0x0000000708800000|  0%| F|  |TAMS 0x0000000708600000, 0x0000000708600000| Untracked 
|  27|0x0000000708800000, 0x0000000708800000, 0x0000000708a00000|  0%| F|  |TAMS 0x0000000708800000, 0x0000000708800000| Untracked 
|  28|0x0000000708a00000, 0x0000000708a00000, 0x0000000708c00000|  0%| F|  |TAMS 0x0000000708a00000, 0x0000000708a00000| Untracked 
|  29|0x0000000708c00000, 0x0000000708c00000, 0x0000000708e00000|  0%| F|  |TAMS 0x0000000708c00000, 0x0000000708c00000| Untracked 
|  30|0x0000000708e00000, 0x0000000708e00000, 0x0000000709000000|  0%| F|  |TAMS 0x0000000708e00000, 0x0000000708e00000| Untracked 
|  31|0x0000000709000000, 0x0000000709000000, 0x0000000709200000|  0%| F|  |TAMS 0x0000000709000000, 0x0000000709000000| Untracked 
|  32|0x0000000709200000, 0x0000000709200000, 0x0000000709400000|  0%| F|  |TAMS 0x0000000709200000, 0x0000000709200000| Untracked 
|  33|0x0000000709400000, 0x0000000709400000, 0x0000000709600000|  0%| F|  |TAMS 0x0000000709400000, 0x0000000709400000| Untracked 
|  34|0x0000000709600000, 0x0000000709600000, 0x0000000709800000|  0%| F|  |TAMS 0x0000000709600000, 0x0000000709600000| Untracked 
|  35|0x0000000709800000, 0x0000000709800000, 0x0000000709a00000|  0%| F|  |TAMS 0x0000000709800000, 0x0000000709800000| Untracked 
|  36|0x0000000709a00000, 0x0000000709a00000, 0x0000000709c00000|  0%| F|  |TAMS 0x0000000709a00000, 0x0000000709a00000| Untracked 
|  37|0x0000000709c00000, 0x0000000709c00000, 0x0000000709e00000|  0%| F|  |TAMS 0x0000000709c00000, 0x0000000709c00000| Untracked 
|  38|0x0000000709e00000, 0x0000000709e00000, 0x000000070a000000|  0%| F|  |TAMS 0x0000000709e00000, 0x0000000709e00000| Untracked 
|  39|0x000000070a000000, 0x000000070a000000, 0x000000070a200000|  0%| F|  |TAMS 0x000000070a000000, 0x000000070a000000| Untracked 
|  40|0x000000070a200000, 0x000000070a200000, 0x000000070a400000|  0%| F|  |TAMS 0x000000070a200000, 0x000000070a200000| Untracked 
|  41|0x000000070a400000, 0x000000070a400000, 0x000000070a600000|  0%| F|  |TAMS 0x000000070a400000, 0x000000070a400000| Untracked 
|  42|0x000000070a600000, 0x000000070a600000, 0x000000070a800000|  0%| F|  |TAMS 0x000000070a600000, 0x000000070a600000| Untracked 
|  43|0x000000070a800000, 0x000000070a800000, 0x000000070aa00000|  0%| F|  |TAMS 0x000000070a800000, 0x000000070a800000| Untracked 
|  44|0x000000070aa00000, 0x000000070aa00000, 0x000000070ac00000|  0%| F|  |TAMS 0x000000070aa00000, 0x000000070aa00000| Untracked 
|  45|0x000000070ac00000, 0x000000070ac00000, 0x000000070ae00000|  0%| F|  |TAMS 0x000000070ac00000, 0x000000070ac00000| Untracked 
|  46|0x000000070ae00000, 0x000000070ae00000, 0x000000070b000000|  0%| F|  |TAMS 0x000000070ae00000, 0x000000070ae00000| Untracked 
|  47|0x000000070b000000, 0x000000070b000000, 0x000000070b200000|  0%| F|  |TAMS 0x000000070b000000, 0x000000070b000000| Untracked 
|  48|0x000000070b200000, 0x000000070b200000, 0x000000070b400000|  0%| F|  |TAMS 0x000000070b200000, 0x000000070b200000| Untracked 
|  49|0x000000070b400000, 0x000000070b400000, 0x000000070b600000|  0%| F|  |TAMS 0x000000070b400000, 0x000000070b400000| Untracked 
|  50|0x000000070b600000, 0x000000070b600000, 0x000000070b800000|  0%| F|  |TAMS 0x000000070b600000, 0x000000070b600000| Untracked 
|  51|0x000000070b800000, 0x000000070b800000, 0x000000070ba00000|  0%| F|  |TAMS 0x000000070b800000, 0x000000070b800000| Untracked 
|  52|0x000000070ba00000, 0x000000070ba00000, 0x000000070bc00000|  0%| F|  |TAMS 0x000000070ba00000, 0x000000070ba00000| Untracked 
|  53|0x000000070bc00000, 0x000000070bc00000, 0x000000070be00000|  0%| F|  |TAMS 0x000000070bc00000, 0x000000070bc00000| Untracked 
|  54|0x000000070be00000, 0x000000070be00000, 0x000000070c000000|  0%| F|  |TAMS 0x000000070be00000, 0x000000070be00000| Untracked 
|  55|0x000000070c000000, 0x000000070c000000, 0x000000070c200000|  0%| F|  |TAMS 0x000000070c000000, 0x000000070c000000| Untracked 
|  56|0x000000070c200000, 0x000000070c200000, 0x000000070c400000|  0%| F|  |TAMS 0x000000070c200000, 0x000000070c200000| Untracked 
|  57|0x000000070c400000, 0x000000070c400000, 0x000000070c600000|  0%| F|  |TAMS 0x000000070c400000, 0x000000070c400000| Untracked 
|  58|0x000000070c600000, 0x000000070c600000, 0x000000070c800000|  0%| F|  |TAMS 0x000000070c600000, 0x000000070c600000| Untracked 
|  59|0x000000070c800000, 0x000000070c800000, 0x000000070ca00000|  0%| F|  |TAMS 0x000000070c800000, 0x000000070c800000| Untracked 
|  60|0x000000070ca00000, 0x000000070ca00000, 0x000000070cc00000|  0%| F|  |TAMS 0x000000070ca00000, 0x000000070ca00000| Untracked 
|  61|0x000000070cc00000, 0x000000070cc00000, 0x000000070ce00000|  0%| F|  |TAMS 0x000000070cc00000, 0x000000070cc00000| Untracked 
|  62|0x000000070ce00000, 0x000000070ce00000, 0x000000070d000000|  0%| F|  |TAMS 0x000000070ce00000, 0x000000070ce00000| Untracked 
|  63|0x000000070d000000, 0x000000070d000000, 0x000000070d200000|  0%| F|  |TAMS 0x000000070d000000, 0x000000070d000000| Untracked 
|  64|0x000000070d200000, 0x000000070d200000, 0x000000070d400000|  0%| F|  |TAMS 0x000000070d200000, 0x000000070d200000| Untracked 
|  65|0x000000070d400000, 0x000000070d400000, 0x000000070d600000|  0%| F|  |TAMS 0x000000070d400000, 0x000000070d400000| Untracked 
|  66|0x000000070d600000, 0x000000070d600000, 0x000000070d800000|  0%| F|  |TAMS 0x000000070d600000, 0x000000070d600000| Untracked 
|  67|0x000000070d800000, 0x000000070d800000, 0x000000070da00000|  0%| F|  |TAMS 0x000000070d800000, 0x000000070d800000| Untracked 
|  68|0x000000070da00000, 0x000000070da00000, 0x000000070dc00000|  0%| F|  |TAMS 0x000000070da00000, 0x000000070da00000| Untracked 
|  69|0x000000070dc00000, 0x000000070dc00000, 0x000000070de00000|  0%| F|  |TAMS 0x000000070dc00000, 0x000000070dc00000| Untracked 
|  70|0x000000070de00000, 0x000000070de00000, 0x000000070e000000|  0%| F|  |TAMS 0x000000070de00000, 0x000000070de00000| Untracked 
|  71|0x000000070e000000, 0x000000070e000000, 0x000000070e200000|  0%| F|  |TAMS 0x000000070e000000, 0x000000070e000000| Untracked 
|  72|0x000000070e200000, 0x000000070e200000, 0x000000070e400000|  0%| F|  |TAMS 0x000000070e200000, 0x000000070e200000| Untracked 
|  73|0x000000070e400000, 0x000000070e400000, 0x000000070e600000|  0%| F|  |TAMS 0x000000070e400000, 0x000000070e400000| Untracked 
|  74|0x000000070e600000, 0x000000070e600000, 0x000000070e800000|  0%| F|  |TAMS 0x000000070e600000, 0x000000070e600000| Untracked 
|  75|0x000000070e800000, 0x000000070e800000, 0x000000070ea00000|  0%| F|  |TAMS 0x000000070e800000, 0x000000070e800000| Untracked 
|  76|0x000000070ea00000, 0x000000070ea00000, 0x000000070ec00000|  0%| F|  |TAMS 0x000000070ea00000, 0x000000070ea00000| Untracked 
|  77|0x000000070ec00000, 0x000000070ec00000, 0x000000070ee00000|  0%| F|  |TAMS 0x000000070ec00000, 0x000000070ec00000| Untracked 
|  78|0x000000070ee00000, 0x000000070ee00000, 0x000000070f000000|  0%| F|  |TAMS 0x000000070ee00000, 0x000000070ee00000| Untracked 
|  79|0x000000070f000000, 0x000000070f000000, 0x000000070f200000|  0%| F|  |TAMS 0x000000070f000000, 0x000000070f000000| Untracked 
|  80|0x000000070f200000, 0x000000070f200000, 0x000000070f400000|  0%| F|  |TAMS 0x000000070f200000, 0x000000070f200000| Untracked 
|  81|0x000000070f400000, 0x000000070f400000, 0x000000070f600000|  0%| F|  |TAMS 0x000000070f400000, 0x000000070f400000| Untracked 
|  82|0x000000070f600000, 0x000000070f600000, 0x000000070f800000|  0%| F|  |TAMS 0x000000070f600000, 0x000000070f600000| Untracked 
|  83|0x000000070f800000, 0x000000070f800000, 0x000000070fa00000|  0%| F|  |TAMS 0x000000070f800000, 0x000000070f800000| Untracked 
|  84|0x000000070fa00000, 0x000000070fa00000, 0x000000070fc00000|  0%| F|  |TAMS 0x000000070fa00000, 0x000000070fa00000| Untracked 
|  85|0x000000070fc00000, 0x000000070fc00000, 0x000000070fe00000|  0%| F|  |TAMS 0x000000070fc00000, 0x000000070fc00000| Untracked 
|  86|0x000000070fe00000, 0x000000070fe00000, 0x0000000710000000|  0%| F|  |TAMS 0x000000070fe00000, 0x000000070fe00000| Untracked 
|  87|0x0000000710000000, 0x0000000710000000, 0x0000000710200000|  0%| F|  |TAMS 0x0000000710000000, 0x0000000710000000| Untracked 
|  88|0x0000000710200000, 0x0000000710200000, 0x0000000710400000|  0%| F|  |TAMS 0x0000000710200000, 0x0000000710200000| Untracked 
|  89|0x0000000710400000, 0x0000000710400000, 0x0000000710600000|  0%| F|  |TAMS 0x0000000710400000, 0x0000000710400000| Untracked 
|  90|0x0000000710600000, 0x0000000710600000, 0x0000000710800000|  0%| F|  |TAMS 0x0000000710600000, 0x0000000710600000| Untracked 
|  91|0x0000000710800000, 0x0000000710800000, 0x0000000710a00000|  0%| F|  |TAMS 0x0000000710800000, 0x0000000710800000| Untracked 
|  92|0x0000000710a00000, 0x0000000710a00000, 0x0000000710c00000|  0%| F|  |TAMS 0x0000000710a00000, 0x0000000710a00000| Untracked 
|  93|0x0000000710c00000, 0x0000000710c00000, 0x0000000710e00000|  0%| F|  |TAMS 0x0000000710c00000, 0x0000000710c00000| Untracked 
|  94|0x0000000710e00000, 0x0000000710e00000, 0x0000000711000000|  0%| F|  |TAMS 0x0000000710e00000, 0x0000000710e00000| Untracked 
|  95|0x0000000711000000, 0x0000000711000000, 0x0000000711200000|  0%| F|  |TAMS 0x0000000711000000, 0x0000000711000000| Untracked 
|  96|0x0000000711200000, 0x0000000711200000, 0x0000000711400000|  0%| F|  |TAMS 0x0000000711200000, 0x0000000711200000| Untracked 
|  97|0x0000000711400000, 0x0000000711400000, 0x0000000711600000|  0%| F|  |TAMS 0x0000000711400000, 0x0000000711400000| Untracked 
|  98|0x0000000711600000, 0x0000000711600000, 0x0000000711800000|  0%| F|  |TAMS 0x0000000711600000, 0x0000000711600000| Untracked 
|  99|0x0000000711800000, 0x0000000711800000, 0x0000000711a00000|  0%| F|  |TAMS 0x0000000711800000, 0x0000000711800000| Untracked 
| 100|0x0000000711a00000, 0x0000000711a00000, 0x0000000711c00000|  0%| F|  |TAMS 0x0000000711a00000, 0x0000000711a00000| Untracked 
| 101|0x0000000711c00000, 0x0000000711c00000, 0x0000000711e00000|  0%| F|  |TAMS 0x0000000711c00000, 0x0000000711c00000| Untracked 
| 102|0x0000000711e00000, 0x0000000711e00000, 0x0000000712000000|  0%| F|  |TAMS 0x0000000711e00000, 0x0000000711e00000| Untracked 
| 103|0x0000000712000000, 0x0000000712000000, 0x0000000712200000|  0%| F|  |TAMS 0x0000000712000000, 0x0000000712000000| Untracked 
| 104|0x0000000712200000, 0x0000000712200000, 0x0000000712400000|  0%| F|  |TAMS 0x0000000712200000, 0x0000000712200000| Untracked 
| 105|0x0000000712400000, 0x0000000712400000, 0x0000000712600000|  0%| F|  |TAMS 0x0000000712400000, 0x0000000712400000| Untracked 
| 106|0x0000000712600000, 0x0000000712600000, 0x0000000712800000|  0%| F|  |TAMS 0x0000000712600000, 0x0000000712600000| Untracked 
| 107|0x0000000712800000, 0x0000000712800000, 0x0000000712a00000|  0%| F|  |TAMS 0x0000000712800000, 0x0000000712800000| Untracked 
| 108|0x0000000712a00000, 0x0000000712a00000, 0x0000000712c00000|  0%| F|  |TAMS 0x0000000712a00000, 0x0000000712a00000| Untracked 
| 109|0x0000000712c00000, 0x0000000712c00000, 0x0000000712e00000|  0%| F|  |TAMS 0x0000000712c00000, 0x0000000712c00000| Untracked 
| 110|0x0000000712e00000, 0x0000000712e00000, 0x0000000713000000|  0%| F|  |TAMS 0x0000000712e00000, 0x0000000712e00000| Untracked 
| 111|0x0000000713000000, 0x0000000713000000, 0x0000000713200000|  0%| F|  |TAMS 0x0000000713000000, 0x0000000713000000| Untracked 
| 112|0x0000000713200000, 0x0000000713200000, 0x0000000713400000|  0%| F|  |TAMS 0x0000000713200000, 0x0000000713200000| Untracked 
| 113|0x0000000713400000, 0x0000000713600000, 0x0000000713600000|100%| S|CS|TAMS 0x0000000713400000, 0x0000000713400000| Complete 
| 114|0x0000000713600000, 0x0000000713800000, 0x0000000713800000|100%| S|CS|TAMS 0x0000000713600000, 0x0000000713600000| Complete 
| 115|0x0000000713800000, 0x0000000713800000, 0x0000000713a00000|  0%| F|  |TAMS 0x0000000713800000, 0x0000000713800000| Untracked 
| 116|0x0000000713a00000, 0x0000000713a00000, 0x0000000713c00000|  0%| F|  |TAMS 0x0000000713a00000, 0x0000000713a00000| Untracked 
| 117|0x0000000713c00000, 0x0000000713c00000, 0x0000000713e00000|  0%| F|  |TAMS 0x0000000713c00000, 0x0000000713c00000| Untracked 
| 118|0x0000000713e00000, 0x0000000713e00000, 0x0000000714000000|  0%| F|  |TAMS 0x0000000713e00000, 0x0000000713e00000| Untracked 
| 119|0x0000000714000000, 0x0000000714000000, 0x0000000714200000|  0%| F|  |TAMS 0x0000000714000000, 0x0000000714000000| Untracked 
| 120|0x0000000714200000, 0x0000000714200000, 0x0000000714400000|  0%| F|  |TAMS 0x0000000714200000, 0x0000000714200000| Untracked 
| 121|0x0000000714400000, 0x0000000714400000, 0x0000000714600000|  0%| F|  |TAMS 0x0000000714400000, 0x0000000714400000| Untracked 
| 122|0x0000000714600000, 0x0000000714600000, 0x0000000714800000|  0%| F|  |TAMS 0x0000000714600000, 0x0000000714600000| Untracked 
| 123|0x0000000714800000, 0x00000007149022b8, 0x0000000714a00000| 50%| E|  |TAMS 0x0000000714800000, 0x0000000714800000| Complete 
| 124|0x0000000714a00000, 0x0000000714c00000, 0x0000000714c00000|100%| E|CS|TAMS 0x0000000714a00000, 0x0000000714a00000| Complete 
| 125|0x0000000714c00000, 0x0000000714e00000, 0x0000000714e00000|100%| E|CS|TAMS 0x0000000714c00000, 0x0000000714c00000| Complete 

Card table byte_map: [0x000001f77dea0000,0x000001f77e680000] _byte_map_base: 0x000001f77a677000

Marking Bits (Prev, Next): (CMBitMap*) 0x000001f77d377bd0, (CMBitMap*) 0x000001f77d377c10
 Prev Bits: [0x000001f70ae90000, 0x000001f70ed48000)
 Next Bits: [0x000001f70ed50000, 0x000001f712c08000)

Polling page: 0x000001f77b110000

Metaspace:

Usage:
  Non-class:      5.67 MB used.
      Class:    760.58 KB used.
       Both:      6.42 MB used.

Virtual space:
  Non-class space:       64.00 MB reserved,       5.75 MB (  9%) committed,  1 nodes.
      Class space:        1.00 GB reserved,     896.00 KB ( <1%) committed,  1 nodes.
             Both:        1.06 GB reserved,       6.62 MB ( <1%) committed. 

Chunk freelists:
   Non-Class:  1.81 MB
       Class:  3.10 MB
        Both:  4.91 MB

MaxMetaspaceSize: unlimited
CompressedClassSpaceSize: 1.00 GB
Initial GC threshold: 21.00 MB
Current GC threshold: 21.00 MB
CDS: on
MetaspaceReclaimPolicy: balanced
 - commit_granule_bytes: 65536.
 - commit_granule_words: 8192.
 - virtual_space_node_default_size: 8388608.
 - enlarge_chunks_in_place: 1.
 - new_chunks_are_fully_committed: 0.
 - uncommit_free_chunks: 1.
 - use_allocation_guard: 0.


Internal statistics:

num_allocs_failed_limit: 0.
num_arena_births: 148.
num_arena_deaths: 0.
num_vsnodes_births: 2.
num_vsnodes_deaths: 0.
num_space_committed: 106.
num_space_uncommitted: 0.
num_chunks_returned_to_freelist: 0.
num_chunks_taken_from_freelist: 225.
num_chunk_merges: 0.
num_chunk_splits: 150.
num_chunks_enlarged: 91.
num_inconsistent_stats: 0.

CodeCache: size=49152Kb used=3748Kb max_used=3748Kb free=45403Kb
 bounds [0x000001f707e90000, 0x000001f708240000, 0x000001f70ae90000]
 total_blobs=1857 nmethods=1396 adapters=386
 compilation: disabled (not enough contiguous free space left)
              stopped_count=1, restarted_count=0
 full_count=1

Compilation events (20 events):
Event: 0.620 Thread 0x000001f77f0d8930 1387       1       jdk.internal.org.objectweb.asm.MethodWriter::visitCode (1 bytes)
Event: 0.620 Thread 0x000001f77f0d8930 nmethod 1387 0x000001f708235c90 code [0x000001f708235e20, 0x000001f708235ed8]
Event: 0.620 Thread 0x000001f71904c9e0 1388       1       java.util.concurrent.locks.ReentrantLock::newCondition (8 bytes)
Event: 0.620 Thread 0x000001f77f0d8930 1389       1       java.util.concurrent.locks.ReentrantLock$Sync::newCondition (9 bytes)
Event: 0.620 Thread 0x000001f71904c9e0 nmethod 1388 0x000001f708235f90 code [0x000001f708236120, 0x000001f708236298]
Event: 0.620 Thread 0x000001f71904c9e0 1390       1       java.util.concurrent.locks.AbstractQueuedSynchronizer$ConditionObject::<init> (10 bytes)
Event: 0.620 Thread 0x000001f71904c9e0 nmethod 1390 0x000001f708236390 code [0x000001f708236520, 0x000001f708236638]
Event: 0.620 Thread 0x000001f71904c9e0 1391       1       java.lang.ref.ReferenceQueue::<init> (32 bytes)
Event: 0.620 Thread 0x000001f77f0d8930 nmethod 1389 0x000001f708236690 code [0x000001f708236820, 0x000001f708236998]
Event: 0.620 Thread 0x000001f71904c9e0 nmethod 1391 0x000001f708236a10 code [0x000001f708236bc0, 0x000001f708236f58]
Event: 0.620 Thread 0x000001f71904c9e0 1392       1       java.util.jar.JarFile::getVersionedEntry (133 bytes)
Event: 0.620 Thread 0x000001f71904c9e0 nmethod 1392 0x000001f708237090 code [0x000001f7082372c0, 0x000001f708237868]
Event: 0.625 Thread 0x000001f71904c9e0 1393       1       java.util.jar.JarFile::maybeInstantiateVerifier (42 bytes)
Event: 0.625 Thread 0x000001f71904c9e0 nmethod 1393 0x000001f708237c90 code [0x000001f708237e40, 0x000001f708237fd8]
Event: 0.625 Thread 0x000001f71904c9e0 1394  s    1       jdk.internal.loader.Resource::cachedInputStream (20 bytes)
Event: 0.625 Thread 0x000001f71904c9e0 nmethod 1394 0x000001f708238090 code [0x000001f708238240, 0x000001f708238448]
Event: 0.627 Thread 0x000001f71904c9e0 1395       1       java.net.URLStreamHandler::parseURL (1124 bytes)
Event: 0.629 Thread 0x000001f77f0d8930 1396       1       sun.reflect.generics.parser.SignatureParser::skipIdentifier (67 bytes)
Event: 0.629 Thread 0x000001f77f0d8930 nmethod 1396 0x000001f708238510 code [0x000001f7082386e0, 0x000001f7082388a8]
Event: 0.630 Thread 0x000001f77f0d8930 1397       1       jdk.internal.org.objectweb.asm.Frame::merge (317 bytes)

GC Heap History (2 events):
Event: 0.538 GC heap before
{Heap before GC invocations=0 (full 0):
 garbage-first heap   total 258048K, used 20480K [0x0000000705200000, 0x0000000800000000)
  region size 2048K, 11 young (22528K), 0 survivors (0K)
 Metaspace       used 5445K, committed 5632K, reserved 1114112K
  class space    used 625K, committed 704K, reserved 1048576K
}
Event: 0.545 GC heap after
{Heap after GC invocations=1 (full 0):
 garbage-first heap   total 258048K, used 8054K [0x0000000705200000, 0x0000000800000000)
  region size 2048K, 2 young (4096K), 2 survivors (4096K)
 Metaspace       used 5445K, committed 5632K, reserved 1114112K
  class space    used 625K, committed 704K, reserved 1048576K
}

Dll operation events (10 events):
Event: 0.005 Loaded shared library C:\Program Files\Java\jdk-19\bin\java.dll
Event: 0.033 Loaded shared library C:\Program Files\Java\jdk-19\bin\jsvml.dll
Event: 0.135 Loaded shared library C:\Program Files\Java\jdk-19\bin\jimage.dll
Event: 0.145 Loaded shared library C:\Program Files\Java\jdk-19\bin\net.dll
Event: 0.148 Loaded shared library C:\Program Files\Java\jdk-19\bin\nio.dll
Event: 0.150 Loaded shared library C:\Program Files\Java\jdk-19\bin\zip.dll
Event: 0.196 Loaded shared library C:\Program Files\Java\jdk-19\bin\management.dll
Event: 0.212 Loaded shared library C:\Program Files\Java\jdk-19\bin\management_ext.dll
Event: 0.477 Loaded shared library C:\Program Files\Java\jdk-19\bin\extnet.dll
Event: 0.527 Loaded shared library C:\Program Files\Java\jdk-19\bin\verify.dll

Deoptimization events (4 events):
Event: 0.326 Thread 0x000001f77d308a30 DEOPT PACKING pc=0x000001f7081343d5 sp=0x0000007f634fd090
Event: 0.326 Thread 0x000001f77d308a30 DEOPT UNPACKING pc=0x000001f707ef7543 sp=0x0000007f634fc540 mode 3
Event: 0.332 Thread 0x000001f77d308a30 DEOPT PACKING pc=0x000001f70814d850 sp=0x0000007f634fd060
Event: 0.332 Thread 0x000001f77d308a30 DEOPT UNPACKING pc=0x000001f707ef7543 sp=0x0000007f634fc518 mode 3

Classes loaded (20 events):
Event: 0.611 Loading class sun/net/www/protocol/jar/URLJarFile
Event: 0.611 Loading class sun/net/www/protocol/jar/URLJarFile done
Event: 0.612 Loading class sun/net/www/protocol/jar/URLJarFile$URLJarFileEntry
Event: 0.612 Loading class sun/net/www/protocol/jar/URLJarFile$URLJarFileEntry done
Event: 0.612 Loading class sun/net/www/protocol/jar/JarURLConnection$JarURLInputStream
Event: 0.612 Loading class sun/net/www/protocol/jar/JarURLConnection$JarURLInputStream done
Event: 0.615 Loading class java/lang/invoke/DirectMethodHandle$Special
Event: 0.615 Loading class java/lang/invoke/DirectMethodHandle$Special done
Event: 0.617 Loading class java/lang/reflect/InvocationTargetException
Event: 0.617 Loading class java/lang/reflect/InvocationTargetException done
Event: 0.618 Loading class java/lang/Byte$ByteCache
Event: 0.618 Loading class java/lang/Byte$ByteCache done
Event: 0.618 Loading class java/lang/Short$ShortCache
Event: 0.618 Loading class java/lang/Short$ShortCache done
Event: 0.619 Loading class java/lang/reflect/UndeclaredThrowableException
Event: 0.619 Loading class java/lang/reflect/UndeclaredThrowableException done
Event: 0.628 Loading class java/util/NoSuchElementException
Event: 0.628 Loading class java/util/NoSuchElementException done
Event: 0.629 Loading class java/lang/FunctionalInterface
Event: 0.629 Loading class java/lang/FunctionalInterface done

Classes unloaded (0 events):
No events

Classes redefined (0 events):
No events

Internal exceptions (18 events):
Event: 0.195 Thread 0x000001f77d308a30 Exception <a 'java/lang/NoSuchMethodError'{0x00000007140517d8}: 'java.lang.Object java.lang.invoke.DirectMethodHandle$Holder.invokeStaticInit(java.lang.Object)'> (0x00000007140517d8) 
thrown [s\open\src\hotspot\share\interpreter\linkResolver.cpp, line 774]
Event: 0.219 Thread 0x000001f77d308a30 Exception <a 'java/lang/NoSuchMethodError'{0x000000071406c508}: 'int java.lang.invoke.DirectMethodHandle$Holder.invokeInterface(java.lang.Object, java.lang.Object)'> (0x000000071406c508) 
thrown [s\open\src\hotspot\share\interpreter\linkResolver.cpp, line 774]
Event: 0.220 Thread 0x000001f77d308a30 Exception <a 'java/lang/IncompatibleClassChangeError'{0x000000071406fb08}: Found class java.lang.Object, but interface was expected> (0x000000071406fb08) 
thrown [s\open\src\hotspot\share\interpreter\linkResolver.cpp, line 841]
Event: 0.220 Thread 0x000001f77d308a30 Exception <a 'java/lang/NoSuchMethodError'{0x00000007140758e8}: 'void java.lang.invoke.DirectMethodHandle$Holder.invokeStatic(java.lang.Object, java.lang.Object)'> (0x00000007140758e8) 
thrown [s\open\src\hotspot\share\interpreter\linkResolver.cpp, line 774]
Event: 0.260 Thread 0x000001f77d308a30 Exception <a 'java/lang/NoSuchMethodError'{0x0000000714149a00}: 'int java.lang.invoke.DirectMethodHandle$Holder.invokeSpecial(java.lang.Object, java.lang.Object, java.lang.Object)'> (0x0000000714149a00) 
thrown [s\open\src\hotspot\share\interpreter\linkResolver.cpp, line 774]
Event: 0.294 Thread 0x000001f77d308a30 Exception <a 'java/lang/NoSuchMethodError'{0x00000007141f8848}: 'java.lang.Object java.lang.invoke.DirectMethodHandle$Holder.invokeStaticInit(java.lang.Object, java.lang.Object, java.lang.Object)'> (0x00000007141f8848) 
thrown [s\open\src\hotspot\share\interpreter\linkResolver.cpp, line 774]
Event: 0.340 Thread 0x000001f77d308a30 Exception <a 'java/lang/NoSuchMethodError'{0x0000000713cb2fe8}: 'void java.lang.invoke.DirectMethodHandle$Holder.invokeStatic(java.lang.Object, java.lang.Object, java.lang.Object)'> (0x0000000713cb2fe8) 
thrown [s\open\src\hotspot\share\interpreter\linkResolver.cpp, line 774]
Event: 0.368 Thread 0x000001f77d308a30 Exception <a 'java/lang/NoSuchMethodError'{0x0000000713cfcef8}: 'int java.lang.invoke.DirectMethodHandle$Holder.invokeSpecialIFC(java.lang.Object, java.lang.Object, java.lang.Object)'> (0x0000000713cfcef8) 
thrown [s\open\src\hotspot\share\interpreter\linkResolver.cpp, line 774]
Event: 0.392 Thread 0x000001f77d308a30 Exception <a 'java/lang/NoSuchMethodError'{0x0000000713d72d48}: 'java.lang.Object java.lang.invoke.DirectMethodHandle$Holder.invokeStaticInit(java.lang.Object, int, int, int, int)'> (0x0000000713d72d48) 
thrown [s\open\src\hotspot\share\interpreter\linkResolver.cpp, line 774]
Event: 0.452 Thread 0x000001f77d308a30 Exception <a 'java/lang/NoSuchMethodError'{0x0000000713a452f0}: 'java.lang.Object java.lang.invoke.DirectMethodHandle$Holder.invokeStaticInit(java.lang.Object, java.lang.Object, int, int, int, int)'> (0x0000000713a452f0) 
thrown [s\open\src\hotspot\share\interpreter\linkResolver.cpp, line 774]
Event: 0.461 Thread 0x000001f77d308a30 Exception <a 'java/lang/ClassNotFoundException'{0x0000000713a627b0}: javax/management/remote/rmi/RMIServerImpl_Skel> (0x0000000713a627b0) 
thrown [s\open\src\hotspot\share\classfile\systemDictionary.cpp, line 255]
Event: 0.484 Thread 0x000001f77d308a30 Exception <a 'java/lang/NoSuchMethodError'{0x0000000713a819c8}: 'long java.lang.invoke.DirectMethodHandle$Holder.invokeSpecial(java.lang.Object, java.lang.Object)'> (0x0000000713a819c8) 
thrown [s\open\src\hotspot\share\interpreter\linkResolver.cpp, line 774]
Event: 0.484 Thread 0x000001f77d308a30 Exception <a 'java/lang/NoSuchMethodError'{0x0000000713a85320}: 'long java.lang.invoke.Invokers$Holder.invokeExact_MT(java.lang.Object, java.lang.Object)'> (0x0000000713a85320) 
thrown [s\open\src\hotspot\share\interpreter\linkResolver.cpp, line 774]
Event: 0.489 Thread 0x000001f77d308a30 Exception <a 'java/lang/NoSuchMethodError'{0x0000000713a9e690}: 'void java.lang.invoke.DirectMethodHandle$Holder.invokeSpecial(java.lang.Object, java.lang.Object, java.lang.Object)'> (0x0000000713a9e690) 
thrown [s\open\src\hotspot\share\interpreter\linkResolver.cpp, line 774]
Event: 0.506 Thread 0x000001f77d308a30 Exception <a 'java/lang/ClassNotFoundException'{0x000000071380d6c8}: jdk/internal/agent/resources/spi/agentProvider> (0x000000071380d6c8) 
thrown [s\open\src\hotspot\share\classfile\systemDictionary.cpp, line 255]
Event: 0.557 Thread 0x000001f77d308a30 Exception <a 'java/lang/ClassNotFoundException'{0x0000000714c1a690}: javax/smartcardio/CardPermission> (0x0000000714c1a690) 
thrown [s\open\src\hotspot\share\classfile\systemDictionary.cpp, line 255]
Event: 0.560 Thread 0x000001f77d308a30 Exception <a 'java/io/FileNotFoundException'{0x0000000714c28e28}> (0x0000000714c28e28) 
thrown [s\open\src\hotspot\share\prims\jni.cpp, line 517]
Event: 0.619 Thread 0x000001f77d308a30 Exception <a 'java/lang/NoSuchMethodError'{0x0000000714be1930}: 'int java.lang.invoke.DirectMethodHandle$Holder.invokeStaticInit(java.lang.Object, java.lang.Object)'> (0x0000000714be1930) 
thrown [s\open\src\hotspot\share\interpreter\linkResolver.cpp, line 774]

VM Operations (20 events):
Event: 0.224 Executing VM operation: HandshakeAllThreads
Event: 0.224 Executing VM operation: HandshakeAllThreads done
Event: 0.225 Executing VM operation: HandshakeAllThreads
Event: 0.225 Executing VM operation: HandshakeAllThreads done
Event: 0.346 Executing VM operation: HandshakeAllThreads
Event: 0.346 Executing VM operation: HandshakeAllThreads done
Event: 0.383 Executing VM operation: HandshakeAllThreads
Event: 0.383 Executing VM operation: HandshakeAllThreads done
Event: 0.460 Executing VM operation: HandshakeAllThreads
Event: 0.460 Executing VM operation: HandshakeAllThreads done
Event: 0.461 Executing VM operation: HandshakeAllThreads
Event: 0.461 Executing VM operation: HandshakeAllThreads done
Event: 0.508 Executing VM operation: HandshakeAllThreads
Event: 0.508 Executing VM operation: HandshakeAllThreads done
Event: 0.538 Executing VM operation: G1CollectForAllocation
Event: 0.545 Executing VM operation: G1CollectForAllocation done
Event: 0.550 Executing VM operation: HandshakeAllThreads
Event: 0.550 Executing VM operation: HandshakeAllThreads done
Event: 0.611 Executing VM operation: HandshakeAllThreads
Event: 0.611 Executing VM operation: HandshakeAllThreads done

Events (15 events):
Event: 0.034 Thread 0x000001f77d308a30 Thread added: 0x000001f77d308a30
Event: 0.055 Thread 0x000001f71900cfc0 Thread added: 0x000001f71900cfc0
Event: 0.055 Thread 0x000001f71900fb00 Thread added: 0x000001f71900fb00
Event: 0.055 Thread 0x000001f7190169c0 Thread added: 0x000001f7190169c0
Event: 0.055 Thread 0x000001f7190174f0 Thread added: 0x000001f7190174f0
Event: 0.055 Thread 0x000001f71901fe50 Thread added: 0x000001f71901fe50
Event: 0.056 Thread 0x000001f719048bb0 Thread added: 0x000001f719048bb0
Event: 0.056 Thread 0x000001f71904c9e0 Thread added: 0x000001f71904c9e0
Event: 0.056 Thread 0x000001f719051370 Thread added: 0x000001f719051370
Event: 0.117 Thread 0x000001f71912c150 Thread added: 0x000001f71912c150
Event: 0.122 Thread 0x000001f77f0d8930 Thread added: 0x000001f77f0d8930
Event: 0.126 Thread 0x000001f71912c6a0 Thread added: 0x000001f71912c6a0
Event: 0.479 Thread 0x000001f71912bc00 Thread added: 0x000001f71912bc00
Event: 0.492 Thread 0x000001f71912b6b0 Thread added: 0x000001f71912b6b0
Event: 0.514 Thread 0x000001f71912d690 Thread added: 0x000001f71912d690


Dynamic libraries:
0x00007ff78b000000 - 0x00007ff78b010000 	C:\Program Files\Java\jdk-19\bin\javaw.exe
0x00007ffef31d0000 - 0x00007ffef33e4000 	C:\windows\SYSTEM32\ntdll.dll
0x00007ffef0f60000 - 0x00007ffef1024000 	C:\windows\System32\KERNEL32.DLL
0x00007ffef0920000 - 0x00007ffef0cc4000 	C:\windows\System32\KERNELBASE.dll
0x00007ffef06e0000 - 0x00007ffef07f1000 	C:\windows\System32\ucrtbase.dll
0x00007ffed98e0000 - 0x00007ffed98f8000 	C:\Program Files\Java\jdk-19\bin\jli.dll
0x00007ffef1550000 - 0x00007ffef1600000 	C:\windows\System32\ADVAPI32.dll
0x00007ffef22c0000 - 0x00007ffef2367000 	C:\windows\System32\msvcrt.dll
0x00007ffef1600000 - 0x00007ffef16a6000 	C:\windows\System32\sechost.dll
0x00007ffef2f30000 - 0x00007ffef3047000 	C:\windows\System32\RPCRT4.dll
0x00007ffef2cf0000 - 0x00007ffef2e9e000 	C:\windows\System32\USER32.dll
0x00007ffef0e40000 - 0x00007ffef0e66000 	C:\windows\System32\win32u.dll
0x00007ffef2b90000 - 0x00007ffef2bb9000 	C:\windows\System32\GDI32.dll
0x00007ffef0800000 - 0x00007ffef0918000 	C:\windows\System32\gdi32full.dll
0x00007ffef0640000 - 0x00007ffef06da000 	C:\windows\System32\msvcp_win.dll
0x00007ffec9c90000 - 0x00007ffec9cab000 	C:\Program Files\Java\jdk-19\bin\VCRUNTIME140.dll
0x00007ffecced0000 - 0x00007ffecd163000 	C:\windows\WinSxS\amd64_microsoft.windows.common-controls_6595b64144ccf1df_6.0.22621.2215_none_270d72677387dfc3\COMCTL32.dll
0x00007ffee7e70000 - 0x00007ffee7e7a000 	C:\windows\SYSTEM32\VERSION.dll
0x00007ffef3150000 - 0x00007ffef3181000 	C:\windows\System32\IMM32.DLL
0x00007ffec5380000 - 0x00007ffec54e3000 	C:\Program Files (x86)\Citrix\ICA Client\epclient64.dll
0x00007ffef27f0000 - 0x00007ffef2b7a000 	C:\windows\System32\combase.dll
0x00007ffeefe60000 - 0x00007ffeefe88000 	C:\windows\SYSTEM32\bcrypt.dll
0x00007ffeef5b0000 - 0x00007ffeef5e4000 	C:\windows\SYSTEM32\ntmarta.dll
0x000001f77ca00000 - 0x000001f77ca7a000 	C:\windows\System32\bcryptprimitives.dll
0x00007ffeef540000 - 0x00007ffeef558000 	C:\windows\SYSTEM32\kernel.appcore.dll
0x00007ffee7b30000 - 0x00007ffee7b3c000 	C:\Program Files\Java\jdk-19\bin\vcruntime140_1.dll
0x00007ffeb5d70000 - 0x00007ffeb5dfe000 	C:\Program Files\Java\jdk-19\bin\msvcp140.dll
0x00007ffea3830000 - 0x00007ffea44f0000 	C:\Program Files\Java\jdk-19\bin\server\jvm.dll
0x00007ffecd290000 - 0x00007ffecd299000 	C:\windows\SYSTEM32\WSOCK32.dll
0x00007ffef16b0000 - 0x00007ffef1721000 	C:\windows\System32\WS2_32.dll
0x00007ffee7a00000 - 0x00007ffee7a34000 	C:\windows\SYSTEM32\WINMM.dll
0x00007ffeeb410000 - 0x00007ffeeb41a000 	C:\Program Files\Java\jdk-19\bin\jimage.dll
0x00007ffeeddf0000 - 0x00007ffeee01e000 	C:\windows\SYSTEM32\DBGHELP.DLL
0x00007ffef1090000 - 0x00007ffef1167000 	C:\windows\System32\OLEAUT32.dll
0x00007ffecb6e0000 - 0x00007ffecb712000 	C:\windows\SYSTEM32\dbgcore.DLL
0x00007ffecf430000 - 0x00007ffecf456000 	C:\Program Files\Java\jdk-19\bin\java.dll
0x00007ffeb5050000 - 0x00007ffeb5127000 	C:\Program Files\Java\jdk-19\bin\jsvml.dll
0x00007ffef1950000 - 0x00007ffef2173000 	C:\windows\System32\SHELL32.dll
0x00007ffeee4c0000 - 0x00007ffeeedaa000 	C:\windows\SYSTEM32\windows.storage.dll
0x00007ffeee380000 - 0x00007ffeee4be000 	C:\windows\SYSTEM32\wintypes.dll
0x00007ffef2bc0000 - 0x00007ffef2cb3000 	C:\windows\System32\SHCORE.dll
0x00007ffef14a0000 - 0x00007ffef14fe000 	C:\windows\System32\shlwapi.dll
0x00007ffef04b0000 - 0x00007ffef04d6000 	C:\windows\SYSTEM32\profapi.dll
0x00007ffee7c60000 - 0x00007ffee7c73000 	C:\Program Files\Java\jdk-19\bin\net.dll
0x00007ffeea0b0000 - 0x00007ffeea1e7000 	C:\windows\SYSTEM32\WINHTTP.dll
0x00007ffeefa10000 - 0x00007ffeefa79000 	C:\windows\system32\mswsock.dll
0x00007ffed8f40000 - 0x00007ffed8f56000 	C:\Program Files\Java\jdk-19\bin\nio.dll
0x00007ffecf410000 - 0x00007ffecf428000 	C:\Program Files\Java\jdk-19\bin\zip.dll
0x00007ffee7750000 - 0x00007ffee775a000 	C:\Program Files\Java\jdk-19\bin\management.dll
0x00007ffed98d0000 - 0x00007ffed98db000 	C:\Program Files\Java\jdk-19\bin\management_ext.dll
0x00007ffef2b80000 - 0x00007ffef2b88000 	C:\windows\System32\PSAPI.DLL
0x00007ffec6c90000 - 0x00007ffec6ca7000 	C:\windows\system32\napinsp.dll
0x00007ffec6c70000 - 0x00007ffec6c8b000 	C:\windows\system32\pnrpnsp.dll
0x00007ffeef080000 - 0x00007ffeef172000 	C:\windows\SYSTEM32\DNSAPI.dll
0x00007ffeef010000 - 0x00007ffeef03d000 	C:\windows\SYSTEM32\IPHLPAPI.DLL
0x00007ffef2180000 - 0x00007ffef2189000 	C:\windows\System32\NSI.dll
0x00007ffec6c50000 - 0x00007ffec6c61000 	C:\windows\System32\winrnr.dll
0x00007ffee7710000 - 0x00007ffee7725000 	C:\windows\system32\wshbth.dll
0x00007ffec6c20000 - 0x00007ffec6c41000 	C:\windows\system32\nlansp_c.dll
0x000000005f5e0000 - 0x000000005f615000 	C:\Program Files\Bonjour\mdnsNSP.dll
0x00007ffee96a0000 - 0x00007ffee96aa000 	C:\Windows\System32\rasadhlp.dll
0x00007ffee43f0000 - 0x00007ffee4474000 	C:\windows\System32\fwpuclnt.dll
0x00007ffeefc30000 - 0x00007ffeefc4b000 	C:\windows\SYSTEM32\CRYPTSP.dll
0x00007ffeef500000 - 0x00007ffeef535000 	C:\windows\system32\rsaenh.dll
0x00007ffeefad0000 - 0x00007ffeefafc000 	C:\windows\SYSTEM32\USERENV.dll
0x00007ffeefc50000 - 0x00007ffeefc5c000 	C:\windows\SYSTEM32\CRYPTBASE.dll
0x00007ffee7e80000 - 0x00007ffee7e99000 	C:\windows\SYSTEM32\dhcpcsvc6.DLL
0x00007ffee79e0000 - 0x00007ffee79ff000 	C:\windows\SYSTEM32\dhcpcsvc.DLL
0x00007ffed86f0000 - 0x00007ffed86f8000 	C:\Program Files\Java\jdk-19\bin\extnet.dll
0x00007ffeeb400000 - 0x00007ffeeb410000 	C:\Program Files\Java\jdk-19\bin\verify.dll

dbghelp: loaded successfully - version: 4.0.5 - missing functions: none
symbol engine: initialized successfully - sym options: 0x614 - pdb path: .;C:\Program Files\Java\jdk-19\bin;C:\windows\SYSTEM32;C:\windows\WinSxS\amd64_microsoft.windows.common-controls_6595b64144ccf1df_6.0.22621.2215_none_270d72677387dfc3;C:\Program Files (x86)\Citrix\ICA Client;C:\Program Files\Java\jdk-19\bin\server;C:\Program Files\Bonjour

VM Arguments:
jvm_args: -Dcom.sun.management.jmxremote -Dcom.sun.management.jmxremote.port=49404 -Dcom.sun.management.jmxremote.authenticate=false -Dcom.sun.management.jmxremote.ssl=false -Djava.rmi.server.hostname=localhost -Dspring.jmx.enabled=true -Dmanagement.endpoints.jmx.exposure.include=* -Dspring.application.admin.enabled=true -XX:TieredStopAtLevel=1 -Dspring.boot.project.name=user-registration-service -Dfile.encoding=UTF-8 -XX:+ShowCodeDetailsInExceptionMessages 
java_command: com.bms.registration.UserRegistrationServiceApplication --spring.output.ansi.enabled=always
java_class_path (initial): C:\Users\ahmad\Use Case\bank-management-system\user-registration-service\target\classes;C:\Users\ahmad\.m2\repository\org\springframework\boot\spring-boot-starter-data-jpa\2.3.0.RELEASE\spring-boot-starter-data-jpa-2.3.0.RELEASE.jar;C:\Users\ahmad\.m2\repository\org\springframework\boot\spring-boot-starter-aop\2.3.0.RELEASE\spring-boot-starter-aop-2.3.0.RELEASE.jar;C:\Users\ahmad\.m2\repository\org\aspectj\aspectjweaver\1.9.5\aspectjweaver-1.9.5.jar;C:\Users\ahmad\.m2\repository\org\springframework\boot\spring-boot-starter-jdbc\2.3.0.RELEASE\spring-boot-starter-jdbc-2.3.0.RELEASE.jar;C:\Users\ahmad\.m2\repository\com\zaxxer\HikariCP\3.4.5\HikariCP-3.4.5.jar;C:\Users\ahmad\.m2\repository\org\springframework\spring-jdbc\5.2.6.RELEASE\spring-jdbc-5.2.6.RELEASE.jar;C:\Users\ahmad\.m2\repository\jakarta\transaction\jakarta.transaction-api\1.3.3\jakarta.transaction-api-1.3.3.jar;C:\Users\ahmad\.m2\repository\jakarta\persistence\jakarta.persistence-api\2.2.3\jakarta.persistence-api-2.2.3.jar;C:\Users\ahmad\.m2\repository\org\hibernate\hibernate-core\5.4.15.Final\hibernate-core-5.4.15.Final.jar;C:\Users\ahmad\.m2\repository\org\jboss\logging\jboss-logging\3.4.1.Final\jboss-logging-3.4.1.Final.jar;C:\Users\ahmad\.m2\repository\org\javassist\javassist\3.24.0-GA\javassist-3.24.0-GA.jar;C:\Users\ahmad\.m2\repository\net\bytebuddy\byte-buddy\1.10.10\byte-buddy-1.10.10.jar;C:\Users\ahmad\.m2\repository\antlr\antlr\2.7.7\antlr-2.7.7.jar;C:\Users\ahmad\.m2\repository\org\jboss\jandex\2.1.3.Final\jandex-2.1.3.Final.jar;C:\Users\ahmad\.m2\repository\com\fasterxml\classmate\1.5.1\classmate-1.5.1.jar;C:\Users\ahmad\.m2\repository\org\dom4j\dom4j\2.1.3\dom4j-2.1.3.jar;C:\Users\ahmad\.m2\repository\org\hibernate\common\hibernate-commons-annotations\5.1.0.Final\hibernate-commons-annotations-5.1.0.Final.jar;C:\Users\ahmad\.m2\repository\org\glassfish\jaxb\jaxb-runtime\2.3.3\jaxb-runtime-2.3.3.jar;C:\Users\ahmad\.m2\repository\org\glassfish\jaxb\txw2\2.3.3\txw2-2.3.3.jar;C:\Users\ahmad\.m2\repository\com\sun\istack\istack-commons-runtime\3.0.11\istack-commons-runtime-3.0.11.jar;C:\Users\ahmad\.m2\repository\com\sun\activation\jakarta.activation\1.2.2\jakarta.activation-1.2.2.jar;C:\Users\ahmad\.m2\repository\org\springframework\data\spring-data-jpa\2.3.0.RELEASE\spring-data-jpa-2.3.0.RELEASE.jar;C:\Users\ahmad\.m2\repository\org\springframework\data\spring-data-commons\2.3.0.RELEASE\spring-data-commons-2.3.0.RELEASE.jar;C:\Users\ahmad\.m2\repository\org\springframework\spring-orm\5.2.6.RELEASE\spring-orm-5.2.6.RELEASE.jar;C:\Users\ahmad\.m2\repository\org\springframework\spring-context\5.2.6.RELEASE\spring-context-5.2.6.RELEASE.jar;C:\Users\ahmad\.m2\repository\org\springframework\spring-tx\5.2.6.RELEASE\spring-tx-5.2.6.RELEASE.jar;C:\Users\ahmad\.m2\repository\org\springframework\spring-beans\5.2.6.RELEASE\spring-beans-5.2.6.RELEASE.jar;C:\Users\ahmad\.m2\repository\org\springframework\spring-aspects\5.2.6.RELEASE\spring-aspects-5.2.6.RELEASE.jar;C:\Users\ahmad\.m2\repository\org\springframework\boot\spring-boot-starter-security\2.3.0.RELEASE\spring-boot-starter-security-2.3.0.RELEASE.jar;C:\Users\ahmad\.m2\repository\org\springframework\boot\spring-boot-starter\2.3.0.RELEASE\spring-boot-starter-2.3.0.RELEASE.jar;C:\Users\ahmad\.m2\repository\org\springframework\boot\spring-boot\2.3.0.RELEASE\spring-boot-2.3.0.RELEASE.jar;C:\Users\ahmad\.m2\repository\org\springframework\boot\spring-boot-autoconfigure\2.3.0.RELEASE\spring-boot-autoconfigure-2.3.0.RELEASE.jar;C:\Users\ahmad\.m2\repository\org\springframework\boot\spring-boot-starter-logging\2.3.0.RELEASE\spring-boot-starter-logging-2.3.0.RELEASE.jar;C:\Users\ahmad\.m2\repository\ch\qos\logback\logback-classic\1.2.3\logback-classic-1.2.3.jar;C:\Users\ahmad\.m2\repository\ch\qos\logback\logback-core\1.2.3\logback-core-1.2.3.jar;C:\Users\ahmad\.m2\repository\org\apache\logging\log4j\log4j-to-slf4j\2.13.2\log4j-to-slf4j-2.13.2.jar;C:\Users\ahmad\.m2\repository\org\apache\logging\log4j\log4j-api\2.13.2\log4j-api-2.13.2.jar;C:\Users\ahmad\.m2\repository\org\slf4j\jul-to-slf4j\1.7.30\jul-to-slf4j-1.7.30.jar;C:\Users\ahmad\.m2\repository\jakarta\annotation\jakarta.annotation-api\1.3.5\jakarta.annotation-api-1.3.5.jar;C:\Users\ahmad\.m2\repository\org\yaml\snakeyaml\1.26\snakeyaml-1.26.jar;C:\Users\ahmad\.m2\repository\org\springframework\spring-aop\5.2.6.RELEASE\spring-aop-5.2.6.RELEASE.jar;C:\Users\ahmad\.m2\repository\org\springframework\security\spring-security-config\5.3.2.RELEASE\spring-security-config-5.3.2.RELEASE.jar;C:\Users\ahmad\.m2\repository\org\springframework\security\spring-security-web\5.3.2.RELEASE\spring-security-web-5.3.2.RELEASE.jar;C:\Users\ahmad\.m2\repository\org\springframework\spring-expression\5.2.6.RELEASE\spring-expression-5.2.6.RELEASE.jar;C:\Users\ahmad\.m2\repository\org\springframework\boot\spring-boot-starter-web\2.3.0.RELEASE\spring-boot-starter-web-2.3.0.RELEASE.jar;C:\Users\ahmad\.m2\repository\org\springframework\boot\spring-boot-starter-json\2.3.0.RELEASE\spring-boot-starter-json-2.3.0.RELEASE.jar;C:\Users\ahmad\.m2\repository\com\fasterxml\jackson\core\jackson-databind\2.11.0\jackson-databind-2.11.0.jar;C:\Users\ahmad\.m2\repository\com\fasterxml\jackson\datatype\jackson-datatype-jdk8\2.11.0\jackson-datatype-jdk8-2.11.0.jar;C:\Users\ahmad\.m2\repository\com\fasterxml\jackson\datatype\jackson-datatype-jsr310\2.11.0\jackson-datatype-jsr310-2.11.0.jar;C:\Users\ahmad\.m2\repository\com\fasterxml\jackson\module\jackson-module-parameter-names\2.11.0\jackson-module-parameter-names-2.11.0.jar;C:\Users\ahmad\.m2\repository\org\springframework\boot\spring-boot-starter-tomcat\2.3.0.RELEASE\spring-boot-starter-tomcat-2.3.0.RELEASE.jar;C:\Users\ahmad\.m2\repository\org\apache\tomcat\embed\tomcat-embed-core\9.0.35\tomcat-embed-core-9.0.35.jar;C:\Users\ahmad\.m2\repository\org\glassfish\jakarta.el\3.0.3\jakarta.el-3.0.3.jar;C:\Users\ahmad\.m2\repository\org\apache\tomcat\embed\tomcat-embed-websocket\9.0.35\tomcat-embed-websocket-9.0.35.jar;C:\Users\ahmad\.m2\repository\org\springframework\spring-web\5.2.6.RELEASE\spring-web-5.2.6.RELEASE.jar;C:\Users\ahmad\.m2\repository\org\springframework\spring-webmvc\5.2.6.RELEASE\spring-webmvc-5.2.6.RELEASE.jar;C:\Users\ahmad\.m2\repository\org\springframework\cloud\spring-cloud-starter\4.0.4\spring-cloud-starter-4.0.4.jar;C:\Users\ahmad\.m2\repository\org\springframework\cloud\spring-cloud-context\4.0.4\spring-cloud-context-4.0.4.jar;C:\Users\ahmad\.m2\repository\org\springframework\security\spring-security-crypto\5.3.2.RELEASE\spring-security-crypto-5.3.2.RELEASE.jar;C:\Users\ahmad\.m2\repository\org\springframework\cloud\spring-cloud-commons\4.0.4\spring-cloud-commons-4.0.4.jar;C:\Users\ahmad\.m2\repository\org\springframework\security\spring-security-rsa\1.0.12.RELEASE\spring-security-rsa-1.0.12.RELEASE.jar;C:\Users\ahmad\.m2\repository\org\bouncycastle\bcpkix-jdk18on\1.73\bcpkix-jdk18on-1.73.jar;C:\Users\ahmad\.m2\repository\org\bouncycastle\bcprov-jdk18on\1.73\bcprov-jdk18on-1.73.jar;C:\Users\ahmad\.m2\repository\org\bouncycastle\bcutil-jdk18on\1.73\bcutil-jdk18on-1.73.jar;C:\Users\ahmad\.m2\repository\org\springframework\cloud\spring-cloud-starter-netflix-eureka-client\3.0.1\spring-cloud-starter-netflix-eureka-client-3.0.1.jar;C:\Users\ahmad\.m2\repository\org\springframework\cloud\spring-cloud-netflix-eureka-client\4.0.3\spring-cloud-netflix-eureka-client-4.0.3.jar;C:\Users\ahmad\.m2\repository\org\apache\httpcomponents\client5\httpclient5\5.1.4\httpclient5-5.1.4.jar;C:\Users\ahmad\.m2\repository\org\apache\httpcomponents\core5\httpcore5\5.1.5\httpcore5-5.1.5.jar;C:\Users\ahmad\.m2\repository\org\apache\httpcomponents\core5\httpcore5-h2\5.1.5\httpcore5-h2-5.1.5.jar;C:\Users\ahmad\.m2\repository\commons-codec\commons-codec\1.14\commons-codec-1.14.jar;C:\Users\ahmad\.m2\repository\com\netflix\eureka\eureka-client\2.0.1\eureka-client-2.0.1.jar;C:\Users\ahmad\.m2\repository\com\netflix\netflix-commons\netflix-eventbus\0.3.0\netflix-eventbus-0.3.0.jar;C:\Users\ahmad\.m2\repository\com\netflix\netflix-commons\netflix-infix\0.3.0\netflix-infix-0.3.0.jar;C:\Users\ahmad\.m2\repository\commons-jxpath\commons-jxpath\1.3\commons-jxpath-1.3.jar;C:\Users\ahmad\.m2\repository\joda-time\joda-time\2.3\joda-time-2.3.jar;C:\Users\ahmad\.m2\repository\org\antlr\antlr-runtime\3.4\antlr-runtime-3.4.jar;C:\Users\ahmad\.m2\repository\org\antlr\stringtemplate\3.2.1\stringtemplate-3.2.1.jar;C:\Users\ahmad\.m2\repository\com\google\code\gson\gson\2.8.6\gson-2.8.6.jar;C:\Users\ahmad\.m2\repository\org\apache\commons\commons-math\2.2\commons-math-2.2.jar;C:\Users\ahmad\.m2\repository\com\thoughtworks\xstream\xstream\1.4.19\xstream-1.4.19.jar;C:\Users\ahmad\.m2\repository\io\github\x-stream\mxparser\1.2.2\mxparser-1.2.2.jar;C:\Users\ahmad\.m2\repository\xmlpull\xmlpull\1.1.3.1\xmlpull-1.1.3.1.jar;C:\Users\ahmad\.m2\repository\jakarta\ws\rs\jakarta.ws.rs-api\2.1.6\jakarta.ws.rs-api-2.1.6.jar;C:\Users\ahmad\.m2\repository\jakarta\inject\jakarta.inject-api\2.0.1\jakarta.inject-api-2.0.1.jar;C:\Users\ahmad\.m2\repository\com\netflix\servo\servo-core\0.12.21\servo-core-0.12.21.jar;C:\Users\ahmad\.m2\repository\com\google\guava\guava\19.0\guava-19.0.jar;C:\Users\ahmad\.m2\repository\org\apache\httpcomponents\httpclient\4.5.12\httpclient-4.5.12.jar;C:\Users\ahmad\.m2\repository\org\apache\httpcomponents\httpcore\4.4.13\httpcore-4.4.13.jar;C:\Users\ahmad\.m2\repository\commons-configuration\commons-configuration\1.10\commons-configuration-1.10.jar;C:\Users\ahmad\.m2\repository\commons-lang\commons-lang\2.6\commons-lang-2.6.jar;C:\Users\ahmad\.m2\repository\com\fasterxml\jackson\core\jackson-annotations\2.11.0\jackson-annotations-2.11.0.jar;C:\Users\ahmad\.m2\repository\com\fasterxml\jackson\core\jackson-core\2.11.0\jackson-core-2.11.0.jar;C:\Users\ahmad\.m2\repository\org\codehaus\jettison\jettison\1.4.0\jettison-1.4.0.jar;C:\Users\ahmad\.m2\repository\com\netflix\eureka\eureka-core\2.0.1\eureka-core-2.0.1.jar;C:\Users\ahmad\.m2\repository\jakarta\servlet\jakarta.servlet-api\4.0.3\jakarta.servlet-api-4.0.3.jar;C:\Users\ahmad\.m2\repository\com\fasterxml\woodstox\woodstox-core\6.2.1\woodstox-core-6.2.1.jar;C:\Users\ahmad\.m2\repository\org\codehaus\woodstox\stax2-api\4.2.1\stax2-api-4.2.1.jar;C:\Users\ahmad\.m2\repository\org\springframework\cloud\spring-cloud-starter-loadbalancer\4.0.4\spring-cloud-starter-loadbalancer-4.0.4.jar;C:\Users\ahmad\.m2\repository\org\springframework\cloud\spring-cloud-loadbalancer\4.0.4\spring-cloud-loadbalancer-4.0.4.jar;C:\Users\ahmad\.m2\repository\io\projectreactor\reactor-core\3.3.5.RELEASE\reactor-core-3.3.5.RELEASE.jar;C:\Users\ahmad\.m2\repository\org\reactivestreams\reactive-streams\1.0.3\reactive-streams-1.0.3.jar;C:\Users\ahmad\.m2\repository\io\projectreactor\addons\reactor-extra\3.3.3.RELEASE\reactor-extra-3.3.3.RELEASE.jar;C:\Users\ahmad\.m2\repository\org\springframework\boot\spring-boot-starter-cache\2.3.0.RELEASE\spring-boot-starter-cache-2.3.0.RELEASE.jar;C:\Users\ahmad\.m2\repository\org\springframework\spring-context-support\5.2.6.RELEASE\spring-context-support-5.2.6.RELEASE.jar;C:\Users\ahmad\.m2\repository\com\stoyanr\evictor\1.0.0\evictor-1.0.0.jar;C:\Users\ahmad\.m2\repository\org\springframework\boot\spring-boot-starter-thymeleaf\2.3.0.RELEASE\spring-boot-starter-thymeleaf-2.3.0.RELEASE.jar;C:\Users\ahmad\.m2\repository\org\thymeleaf\thymeleaf-spring5\3.0.11.RELEASE\thymeleaf-spring5-3.0.11.RELEASE.jar;C:\Users\ahmad\.m2\repository\org\thymeleaf\thymeleaf\3.0.11.RELEASE\thymeleaf-3.0.11.RELEASE.jar;C:\Users\ahmad\.m2\repository\org\attoparser\attoparser\2.0.5.RELEASE\attoparser-2.0.5.RELEASE.jar;C:\Users\ahmad\.m2\repository\org\unbescape\unbescape\1.1.6.RELEASE\unbescape-1.1.6.RELEASE.jar;C:\Users\ahmad\.m2\repository\org\thymeleaf\extras\thymeleaf-extras-java8time\3.0.4.RELEASE\thymeleaf-extras-java8time-3.0.4.RELEASE.jar;C:\Users\ahmad\.m2\repository\org\thymeleaf\extras\thymeleaf-extras-springsecurity5\3.0.4.RELEASE\thymeleaf-extras-springsecurity5-3.0.4.RELEASE.jar;C:\Users\ahmad\.m2\repository\org\slf4j\slf4j-api\1.7.30\slf4j-api-1.7.30.jar;C:\Users\ahmad\.m2\repository\mysql\mysql-connector-java\8.0.30\mysql-connector-java-8.0.30.jar;C:\Users\ahmad\.m2\repository\jakarta\xml\bind\jakarta.xml.bind-api\2.3.3\jakarta.xml.bind-api-2.3.3.jar;C:\Users\ahmad\.m2\repository\jakarta\activation\jakarta.activation-api\1.2.2\jakarta.activation-api-1.2.2.jar;C:\Users\ahmad\.m2\repository\org\springframework\spring-core\5.2.6.RELEASE\spring-core-5.2.6.RELEASE.jar;C:\Users\ahmad\.m2\repository\org\springframework\spring-jcl\5.2.6.RELEASE\spring-jcl-5.2.6.RELEASE.jar;C:\Users\ahmad\.m2\repository\org\springframework\security\spring-security-core\5.3.2.RELEASE\spring-security-core-5.3.2.RELEASE.jar
Launcher Type: SUN_STANDARD

[Global flags]
     intx CICompilerCount                          = 4                                         {product} {ergonomic}
     uint ConcGCThreads                            = 3                                         {product} {ergonomic}
     uint G1ConcRefinementThreads                  = 10                                        {product} {ergonomic}
   size_t G1HeapRegionSize                         = 2097152                                   {product} {ergonomic}
    uintx GCDrainStackTargetSize                   = 64                                        {product} {ergonomic}
   size_t InitialHeapSize                          = 264241152                                 {product} {ergonomic}
     bool ManagementServer                         = true                                      {product} {command line}
   size_t MarkStackSize                            = 4194304                                   {product} {ergonomic}
   size_t MaxHeapSize                              = 4208984064                                {product} {ergonomic}
   size_t MaxNewSize                               = 2524971008                                {product} {ergonomic}
   size_t MinHeapDeltaBytes                        = 2097152                                   {product} {ergonomic}
   size_t MinHeapSize                              = 8388608                                   {product} {ergonomic}
    uintx NonProfiledCodeHeapSize                  = 0                                      {pd product} {ergonomic}
     bool ProfileInterpreter                       = false                                  {pd product} {command line}
    uintx ProfiledCodeHeapSize                     = 0                                      {pd product} {ergonomic}
     bool ShowCodeDetailsInExceptionMessages       = true                                   {manageable} {command line}
   size_t SoftMaxHeapSize                          = 4208984064                             {manageable} {ergonomic}
     intx TieredStopAtLevel                        = 1                                         {product} {command line}
     bool UseCompressedClassPointers               = true                           {product lp64_product} {ergonomic}
     bool UseCompressedOops                        = true                           {product lp64_product} {ergonomic}
     bool UseG1GC                                  = true                                      {product} {ergonomic}
     bool UseLargePagesIndividualAllocation        = false                                  {pd product} {ergonomic}

Logging:
Log output configuration:
 #0: stdout all=warning uptime,level,tags foldmultilines=false
 #1: stderr all=off uptime,level,tags foldmultilines=false

Environment Variables:
JAVA_HOME=C:\Program Files\Java\jdk1.8.0_202
PATH=C:/Program Files/Java/jdk-19/bin/server;C:/Program Files/Java/jdk-19/bin;C:\Program Files\Java\jdk1.8.0_202\bin;C:\Python311\Scripts\;C:\Python311\;C:\Program Files (x86)\Common Files\Oracle\Java\javapath;C:\Program Files\apache-maven-3.8.7\bin;C:\Program Files\Common Files\Oracle\Java\javapath;C:\windows\system32;C:\windows;C:\windows\System32\Wbem;C:\windows\System32\WindowsPowerShell\v1.0\;C:\windows\System32\OpenSSH\;C:\Program Files\MySQL\MySQL Server 8.0\bin;C:\Program Files\Docker\Docker\resources\bin;C:\Program Files\nodejs\;C:\ProgramData\chocolatey\bin;C:\Program Files\MySQL\MySQL Shell 8.0\bin\;C:\Users\ahmad\AppData\Local\Microsoft\WindowsApps;;C:\Program Files\JetBrains\IntelliJ IDEA Community Edition 2023.2\bin;;C:\Program Files\JetBrains\IntelliJ IDEA Educational Edition 2020.3\bin;;C:\Users\ahmad\AppData\Local\Programs\Microsoft VS Code\bin;C:\Users\ahmad\AppData\Roaming\npm;C:\Users\ahmad\OneDrive\Desktop;
USERNAME=ahmad
OS=Windows_NT
PROCESSOR_IDENTIFIER=Intel64 Family 6 Model 154 Stepping 4, GenuineIntel
TMP=C:\Users\ahmad\AppData\Local\Temp
TEMP=C:\Users\ahmad\AppData\Local\Temp



---------------  S Y S T E M  ---------------

OS:
 Windows 11 , 64 bit Build 22621 (10.0.22621.2215)
OS uptime: 28 days 11:36 hours
Hyper-V role detected

CPU: total 12 (initial active 12) (6 cores per cpu, 2 threads per core) family 6 model 154 stepping 4 microcode 0x423, cx8, cmov, fxsr, ht, mmx, 3dnowpref, sse, sse2, sse3, ssse3, sse4.1, sse4.2, popcnt, lzcnt, tsc, tscinvbit, avx, avx2, aes, erms, clmul, bmi1, bmi2, adx, sha, fma, vzeroupper, clflush, clflushopt, clwb, hv, serialize, rdtscp, rdpid, fsrm

Memory: 4k page, system-wide physical 16052M (1895M free)
TotalPageFile size 51562M (AvailPageFile size 2137M)
current process WorkingSet (physical memory assigned to process): 81M, peak: 81M
current process commit charge ("private bytes"): 358M, peak: 358M

vm_info: Java HotSpot(TM) 64-Bit Server VM (19+36-2238) for windows-amd64 JRE (19+36-2238), built on 2022-08-12T20:29:01Z by "mach5one" with MS VC++ 17.1 (VS2022)

END.
